  [1m[35m (553.6ms)[0m  [1m[35mCREATE DATABASE "first_development" ENCODING = 'unicode'[0m
  [1m[35m (310.7ms)[0m  [1m[35mCREATE DATABASE "first_test" ENCODING = 'unicode'[0m
Started GET "/users" for 127.0.0.1 at 2021-04-02 23:06:02 +0900

AbstractController::ActionNotFound - The action 'index' could not be found for UsersController:

Started GET "/users" for 127.0.0.1 at 2021-04-02 23:07:37 +0900
Processing by UsersController#index as */*
  Parameters: {"cat_id"=>1, "name"=>"stringy", "ttype"=>"string", "user"=>{"cat_id"=>1, "name"=>"stringy", "ttype"=>"string"}}
No template found for UsersController#index, rendering head :no_content
Completed 204 No Content in 9ms (ActiveRecord: 0.0ms | Allocations: 2118)


Started GET "/users" for 127.0.0.1 at 2021-04-02 23:08:42 +0900
Processing by UsersController#index as */*
No template found for UsersController#index, rendering head :no_content
Completed 204 No Content in 0ms (ActiveRecord: 0.0ms | Allocations: 207)


Started GET "/users" for 127.0.0.1 at 2021-04-02 23:10:14 +0900
Processing by UsersController#index as */*
  Rendering text template
  Rendered text template (Duration: 0.1ms | Allocations: 28)
Completed 200 OK in 5ms (Views: 4.8ms | ActiveRecord: 0.0ms | Allocations: 1448)


Started GET "/users?admin=true" for 127.0.0.1 at 2021-04-02 23:12:43 +0900
Processing by UsersController#index as */*
  Parameters: {"admin"=>"true"}
  Rendering text template
  Rendered text template (Duration: 0.0ms | Allocations: 26)
Completed 200 OK in 1ms (Views: 0.3ms | ActiveRecord: 0.0ms | Allocations: 253)


Started GET "/users/" for 127.0.0.1 at 2021-04-02 23:13:17 +0900
Processing by UsersController#index as */*
  Rendering text template
  Rendered text template (Duration: 0.0ms | Allocations: 26)
Completed 200 OK in 0ms (Views: 0.2ms | ActiveRecord: 0.0ms | Allocations: 251)


Started GET "/users/1" for 127.0.0.1 at 2021-04-02 23:13:39 +0900

AbstractController::ActionNotFound - The action 'show' could not be found for UsersController
Did you mean?  index:

Started GET "/users" for 127.0.0.1 at 2021-04-02 23:13:53 +0900
Processing by UsersController#index as */*
  Rendering text template
  Rendered text template (Duration: 0.0ms | Allocations: 25)
Completed 200 OK in 0ms (Views: 0.2ms | ActiveRecord: 0.0ms | Allocations: 250)


Started POST "/users?master=true" for 127.0.0.1 at 2021-04-02 23:15:16 +0900
Processing by UsersController#create as */*
  Parameters: {"master"=>"true"}
Completed 200 OK in 1ms (Views: 0.1ms | ActiveRecord: 0.0ms | Allocations: 211)


Started GET "/users/2" for 127.0.0.1 at 2021-04-02 23:27:17 +0900

AbstractController::ActionNotFound - The action 'show' could not be found for UsersController
Did you mean?  index
               create:

Started GET "/users/2" for 127.0.0.1 at 2021-04-02 23:27:36 +0900
Processing by UsersController#show as */*
  Parameters: {"id"=>"2"}
Completed 200 OK in 0ms (Views: 0.1ms | Allocations: 204)


Started GET "/users/2" for 127.0.0.1 at 2021-04-02 23:45:58 +0900
Processing by UsersController#show as */*
  Parameters: {"cat[host]"=>"me", "cat[name]"=>"wowza", "cat[name][what]"=>"whaaa", "id"=>"2", "user"=>{"cat[host]"=>"me", "cat[name]"=>"wowza", "cat[name][what]"=>"whaaa"}}
Completed 200 OK in 0ms (Views: 0.1ms | Allocations: 259)


  [1m[35m (7.6ms)[0m  [1m[35mCREATE TABLE "schema_migrations" ("version" character varying NOT NULL PRIMARY KEY)[0m
  [1m[35m (6.1ms)[0m  [1m[35mCREATE TABLE "ar_internal_metadata" ("key" character varying NOT NULL PRIMARY KEY, "value" character varying, "created_at" timestamp(6) NOT NULL, "updated_at" timestamp(6) NOT NULL)[0m
  [1m[35m (0.1ms)[0m  [1m[34mSELECT pg_try_advisory_lock(3243164389206928200)[0m
  [1m[35m (0.3ms)[0m  [1m[34mSELECT "schema_migrations"."version" FROM "schema_migrations" ORDER BY "schema_migrations"."version" ASC[0m
Migrating to CreateUsers (20210402145655)
  [1m[35m (0.1ms)[0m  [1m[34mSELECT pg_advisory_unlock(3243164389206928200)[0m
  [1m[35m (0.1ms)[0m  [1m[34mSELECT pg_try_advisory_lock(3243164389206928200)[0m
  [1m[35m (0.3ms)[0m  [1m[34mSELECT "schema_migrations"."version" FROM "schema_migrations" ORDER BY "schema_migrations"."version" ASC[0m
Migrating to CreateUsers (20210402145655)
  [1m[36mTRANSACTION (0.1ms)[0m  [1m[35mBEGIN[0m
  [1m[35m (7.9ms)[0m  [1m[35mCREATE TABLE "users" ("id" bigserial primary key, "name" character varying NOT NULL, "email" character varying NOT NULL, "created_at" timestamp(6) NOT NULL, "updated_at" timestamp(6) NOT NULL)[0m
  [1m[36mActiveRecord::SchemaMigration Create (0.7ms)[0m  [1m[32mINSERT INTO "schema_migrations" ("version") VALUES ($1) RETURNING "version"[0m  [["version", "20210402145655"]]
  [1m[36mTRANSACTION (1.2ms)[0m  [1m[35mCOMMIT[0m
  [1m[36mActiveRecord::InternalMetadata Load (0.4ms)[0m  [1m[34mSELECT "ar_internal_metadata".* FROM "ar_internal_metadata" WHERE "ar_internal_metadata"."key" = $1 LIMIT $2[0m  [["key", "environment"], ["LIMIT", 1]]
  [1m[36mTRANSACTION (0.2ms)[0m  [1m[35mBEGIN[0m
  [1m[36mActiveRecord::InternalMetadata Create (0.5ms)[0m  [1m[32mINSERT INTO "ar_internal_metadata" ("key", "value", "created_at", "updated_at") VALUES ($1, $2, $3, $4) RETURNING "key"[0m  [["key", "environment"], ["value", "development"], ["created_at", "2021-04-02 14:58:29.366338"], ["updated_at", "2021-04-02 14:58:29.366338"]]
  [1m[36mTRANSACTION (0.8ms)[0m  [1m[35mCOMMIT[0m
  [1m[35m (0.2ms)[0m  [1m[34mSELECT pg_advisory_unlock(3243164389206928200)[0m
  [1m[35m (0.4ms)[0m  [1m[34mSELECT "schema_migrations"."version" FROM "schema_migrations" ORDER BY "schema_migrations"."version" ASC[0m
Started GET "/users/" for 127.0.0.1 at 2021-04-03 00:00:20 +0900
  [1m[35m (0.5ms)[0m  [1m[34mSELECT "schema_migrations"."version" FROM "schema_migrations" ORDER BY "schema_migrations"."version" ASC[0m
Processing by UsersController#index as */*
  Parameters: {"cat[host]"=>"me", "cat[name]"=>"wowza", "cat[name][what]"=>"whaaa", "user"=>{}}
  Rendering text template
  Rendered text template (Duration: 0.0ms | Allocations: 26)
Completed 200 OK in 1ms (Views: 0.4ms | ActiveRecord: 1.4ms | Allocations: 370)


Started POST "/users/" for 127.0.0.1 at 2021-04-03 00:00:24 +0900
Processing by UsersController#create as */*
  Parameters: {"cat[host]"=>"me", "cat[name]"=>"wowza", "cat[name][what]"=>"whaaa", "user"=>{}}
Completed 200 OK in 0ms (Views: 0.1ms | ActiveRecord: 0.0ms | Allocations: 223)


Started POST "/users/" for 127.0.0.1 at 2021-04-03 00:00:30 +0900
Processing by UsersController#create as */*
Completed 200 OK in 0ms (Views: 0.1ms | ActiveRecord: 0.0ms | Allocations: 189)


Started POST "/users/?name=hey&email=dudu" for 127.0.0.1 at 2021-04-03 00:00:59 +0900
Processing by UsersController#create as */*
  Parameters: {"name"=>"hey", "email"=>"dudu"}
Completed 200 OK in 0ms (Views: 0.1ms | ActiveRecord: 0.0ms | Allocations: 207)


Started POST "/users/" for 127.0.0.1 at 2021-04-03 00:02:04 +0900
Processing by UsersController#create as */*
  Parameters: {"user[name]"=>"hey", "user[email]"=>"dubba", "user"=>{}}
Completed 200 OK in 0ms (Views: 0.1ms | ActiveRecord: 0.0ms | Allocations: 214)


Started POST "/users/" for 127.0.0.1 at 2021-04-03 00:03:45 +0900
Processing by UsersController#create as */*
  Parameters: {"user"=>{"name"=>"hey", "email"=>"dubba"}}
Completed 200 OK in 0ms (Views: 0.1ms | ActiveRecord: 0.0ms | Allocations: 214)


  [1m[36mTRANSACTION (0.1ms)[0m  [1m[35mBEGIN[0m
  [1m[36mUser Create (0.3ms)[0m  [1m[32mINSERT INTO "users" ("name", "email", "created_at", "updated_at") VALUES ($1, $2, $3, $4) RETURNING "id"[0m  [["name", "Kieu"], ["email", "kkkkk"], ["created_at", "2021-04-02 15:04:46.680502"], ["updated_at", "2021-04-02 15:04:46.680502"]]
  [1m[36mTRANSACTION (1.0ms)[0m  [1m[35mCOMMIT[0m
  [1m[36mTRANSACTION (0.4ms)[0m  [1m[35mBEGIN[0m
  [1m[36mUser Create (0.8ms)[0m  [1m[32mINSERT INTO "users" ("name", "email", "created_at", "updated_at") VALUES ($1, $2, $3, $4) RETURNING "id"[0m  [["name", "Linh"], ["email", "llll"], ["created_at", "2021-04-02 15:05:00.364094"], ["updated_at", "2021-04-02 15:05:00.364094"]]
  [1m[36mTRANSACTION (1.3ms)[0m  [1m[35mCOMMIT[0m
Started GET "/users/" for 127.0.0.1 at 2021-04-03 00:05:54 +0900
Processing by UsersController#index as */*
  Parameters: {"user"=>{"name"=>"hey", "email"=>"dubba"}}
  [1m[36mUser Load (0.8ms)[0m  [1m[34mSELECT "users".* FROM "users"[0m
  ↳ app/controllers/users_controller.rb:3:in `index'
Completed 200 OK in 8ms (Views: 4.0ms | ActiveRecord: 3.9ms | Allocations: 4538)


Started POST "/users/" for 127.0.0.1 at 2021-04-03 00:11:42 +0900

SyntaxError - syntax error, unexpected end-of-input, expecting `end':
  app/controllers/users_controller.rb:18:in `'

Started POST "/users/" for 127.0.0.1 at 2021-04-03 00:11:59 +0900
Processing by UsersController#create as */*
  Parameters: {"user"=>{"name"=>"hey", "email"=>"dubba"}}
  [1m[36mTRANSACTION (0.7ms)[0m  [1m[35mBEGIN[0m
  ↳ app/controllers/users_controller.rb:8:in `create'
  [1m[36mUser Create (0.7ms)[0m  [1m[32mINSERT INTO "users" ("name", "email", "created_at", "updated_at") VALUES ($1, $2, $3, $4) RETURNING "id"[0m  [["name", "hey"], ["email", "dubba"], ["created_at", "2021-04-02 15:11:59.350799"], ["updated_at", "2021-04-02 15:11:59.350799"]]
  ↳ app/controllers/users_controller.rb:8:in `create'
  [1m[36mTRANSACTION (1.4ms)[0m  [1m[35mCOMMIT[0m
  ↳ app/controllers/users_controller.rb:8:in `create'
Completed 200 OK in 16ms (Views: 0.2ms | ActiveRecord: 8.0ms | Allocations: 7501)


Started POST "/users/" for 127.0.0.1 at 2021-04-03 00:12:09 +0900
Processing by UsersController#create as */*
  Parameters: {"user"=>{"name"=>"heyyooo", "email"=>"gooba"}}
  [1m[36mTRANSACTION (0.8ms)[0m  [1m[35mBEGIN[0m
  ↳ app/controllers/users_controller.rb:8:in `create'
  [1m[36mUser Create (0.8ms)[0m  [1m[32mINSERT INTO "users" ("name", "email", "created_at", "updated_at") VALUES ($1, $2, $3, $4) RETURNING "id"[0m  [["name", "heyyooo"], ["email", "gooba"], ["created_at", "2021-04-02 15:12:09.016012"], ["updated_at", "2021-04-02 15:12:09.016012"]]
  ↳ app/controllers/users_controller.rb:8:in `create'
  [1m[36mTRANSACTION (1.2ms)[0m  [1m[35mCOMMIT[0m
  ↳ app/controllers/users_controller.rb:8:in `create'
Completed 200 OK in 7ms (Views: 0.2ms | ActiveRecord: 2.8ms | Allocations: 2511)


Started GET "/users/" for 127.0.0.1 at 2021-04-03 00:12:13 +0900
Processing by UsersController#index as */*
  Parameters: {"user"=>{"name"=>"heyyooo", "email"=>"gooba"}}
  [1m[36mUser Load (0.6ms)[0m  [1m[34mSELECT "users".* FROM "users"[0m
  ↳ app/controllers/users_controller.rb:3:in `index'
Completed 200 OK in 6ms (Views: 5.6ms | ActiveRecord: 0.6ms | Allocations: 1409)


Started POST "/users/" for 127.0.0.1 at 2021-04-03 00:14:37 +0900
Processing by UsersController#create as */*
  Parameters: {"user"=>{"name"=>"heyyooo"}}
Completed 422 Unprocessable Entity in 7ms (Views: 0.1ms | ActiveRecord: 0.0ms | Allocations: 5922)


Started GET "/users/" for 127.0.0.1 at 2021-04-03 00:15:00 +0900
Processing by UsersController#index as */*
  Parameters: {"user"=>{"name"=>"heyyooo"}}
  [1m[36mUser Load (0.5ms)[0m  [1m[34mSELECT "users".* FROM "users"[0m
  ↳ app/controllers/users_controller.rb:3:in `index'
Completed 200 OK in 2ms (Views: 1.6ms | ActiveRecord: 0.5ms | Allocations: 1358)


Started GET "/users/1" for 127.0.0.1 at 2021-04-03 00:15:32 +0900
Processing by UsersController#show as */*
  Parameters: {"user"=>{"name"=>"heyyooo"}, "id"=>"1"}
  [1m[36mUser Load (0.5ms)[0m  [1m[34mSELECT "users".* FROM "users" WHERE "users"."id" = $1 LIMIT $2[0m  [["id", 1], ["LIMIT", 1]]
  ↳ app/controllers/users_controller.rb:16:in `show'
Completed 200 OK in 9ms (Views: 0.2ms | ActiveRecord: 4.8ms | Allocations: 4244)


Started PATCH "/users/1" for 127.0.0.1 at 2021-04-03 00:17:09 +0900
Processing by UsersController#update as */*
  Parameters: {"id"=>"1"}
No template found for UsersController#update, rendering head :no_content
Completed 204 No Content in 1ms (ActiveRecord: 0.0ms | Allocations: 1589)


Started PATCH "/users/1" for 127.0.0.1 at 2021-04-03 00:17:56 +0900
Processing by UsersController#update as */*
  Parameters: {"user"=>{"email"=>"kuuuuuuu"}, "id"=>"1"}
No template found for UsersController#update, rendering head :no_content
Completed 204 No Content in 0ms (ActiveRecord: 0.0ms | Allocations: 199)


Started PATCH "/users/1" for 127.0.0.1 at 2021-04-03 00:19:27 +0900
Processing by UsersController#update as */*
  Parameters: {"user"=>{"email"=>"kuuuuuuu"}, "id"=>"1"}
  [1m[36mUser Load (0.5ms)[0m  [1m[34mSELECT "users".* FROM "users" WHERE "users"."id" = $1 LIMIT $2[0m  [["id", 1], ["LIMIT", 1]]
  ↳ app/controllers/users_controller.rb:21:in `update'
  [1m[36mTRANSACTION (0.5ms)[0m  [1m[35mBEGIN[0m
  ↳ app/controllers/users_controller.rb:22:in `update'
  [1m[36mUser Update (0.5ms)[0m  [1m[33mUPDATE "users" SET "email" = $1, "updated_at" = $2 WHERE "users"."id" = $3[0m  [["email", "kuuuuuuu"], ["updated_at", "2021-04-02 15:19:27.776359"], ["id", 1]]
  ↳ app/controllers/users_controller.rb:22:in `update'
  [1m[36mTRANSACTION (1.5ms)[0m  [1m[35mCOMMIT[0m
  ↳ app/controllers/users_controller.rb:22:in `update'
Completed 200 OK in 11ms (Views: 0.2ms | ActiveRecord: 5.8ms | Allocations: 5777)


Started DELETE "/users/2" for 127.0.0.1 at 2021-04-03 00:21:54 +0900

SyntaxError - syntax error, unexpected end-of-input, expecting `end':
  app/controllers/users_controller.rb:41:in `'

Started DELETE "/users/2" for 127.0.0.1 at 2021-04-03 00:22:10 +0900
Processing by UsersController#destroy as */*
  Parameters: {"user"=>{"email"=>"kuuuuuuu"}, "id"=>"2"}
  [1m[36mUser Load (0.5ms)[0m  [1m[34mSELECT "users".* FROM "users" WHERE "users"."id" = $1 LIMIT $2[0m  [["id", 2], ["LIMIT", 1]]
  ↳ app/controllers/users_controller.rb:30:in `destroy'
  [1m[36mTRANSACTION (0.5ms)[0m  [1m[35mBEGIN[0m
  ↳ app/controllers/users_controller.rb:31:in `destroy'
  [1m[36mUser Destroy (0.6ms)[0m  [1m[31mDELETE FROM "users" WHERE "users"."id" = $1[0m  [["id", 2]]
  ↳ app/controllers/users_controller.rb:31:in `destroy'
  [1m[36mTRANSACTION (1.5ms)[0m  [1m[35mCOMMIT[0m
  ↳ app/controllers/users_controller.rb:31:in `destroy'
Completed 500 Internal Server Error in 13ms (ActiveRecord: 5.7ms | Allocations: 7842)



ActionView::MissingTemplate - Missing template users/destroy, application/destroy with {:locale=>[:en], :formats=>[:html, :text, :js, :css, :ics, :csv, :vcf, :vtt, :png, :jpeg, :gif, :bmp, :tiff, :svg, :mpeg, :mp3, :ogg, :m4a, :webm, :mp4, :otf, :ttf, :woff, :woff2, :xml, :rss, :atom, :yaml, :multipart_form, :url_encoded_form, :json, :pdf, :zip, :gzip], :variants=>[], :handlers=>[:raw, :erb, :html, :builder, :ruby, :jbuilder]}. Searched in:
  * "/home/lim/Documents/appacademy/rails/routes_and_controllers/first_routes_and_controllers/first/app/views"
  * "/home/lim/.rbenv/versions/2.7.2/lib/ruby/gems/2.7.0/gems/actiontext-6.1.3.1/app/views"
  * "/home/lim/.rbenv/versions/2.7.2/lib/ruby/gems/2.7.0/gems/actionmailbox-6.1.3.1/app/views":
  app/controllers/users_controller.rb:32:in `destroy'

Started GET "/users/" for 127.0.0.1 at 2021-04-03 00:22:45 +0900
Processing by UsersController#index as */*
  Parameters: {"user"=>{"email"=>"kuuuuuuu"}}
  [1m[36mUser Load (0.5ms)[0m  [1m[34mSELECT "users".* FROM "users"[0m
  ↳ app/controllers/users_controller.rb:3:in `index'
Completed 200 OK in 7ms (Views: 3.4ms | ActiveRecord: 3.3ms | Allocations: 3896)


Started DELETE "/users/3" for 127.0.0.1 at 2021-04-03 00:22:54 +0900
Processing by UsersController#destroy as */*
  Parameters: {"user"=>{"email"=>"kuuuuuuu"}, "id"=>"3"}
  [1m[36mUser Load (0.5ms)[0m  [1m[34mSELECT "users".* FROM "users" WHERE "users"."id" = $1 LIMIT $2[0m  [["id", 3], ["LIMIT", 1]]
  ↳ app/controllers/users_controller.rb:30:in `destroy'
  [1m[36mTRANSACTION (0.4ms)[0m  [1m[35mBEGIN[0m
  ↳ app/controllers/users_controller.rb:31:in `destroy'
  [1m[36mUser Destroy (0.5ms)[0m  [1m[31mDELETE FROM "users" WHERE "users"."id" = $1[0m  [["id", 3]]
  ↳ app/controllers/users_controller.rb:31:in `destroy'
  [1m[36mTRANSACTION (1.0ms)[0m  [1m[35mCOMMIT[0m
  ↳ app/controllers/users_controller.rb:31:in `destroy'
  Rendering text template
  Rendered text template (Duration: 0.0ms | Allocations: 26)
Completed 200 OK in 5ms (Views: 0.4ms | ActiveRecord: 2.4ms | Allocations: 2904)


  [1m[35m (0.4ms)[0m  [1m[34mSELECT pg_try_advisory_lock(3243164389206928200)[0m
  [1m[35m (4.8ms)[0m  [1m[34mSELECT "schema_migrations"."version" FROM "schema_migrations" ORDER BY "schema_migrations"."version" ASC[0m
Migrating to DropUsers (20210403042406)
  [1m[36mTRANSACTION (0.4ms)[0m  [1m[35mBEGIN[0m
  [1m[35m (17.9ms)[0m  [1m[35mDROP TABLE "users"[0m
  [1m[36mActiveRecord::SchemaMigration Create (0.7ms)[0m  [1m[32mINSERT INTO "schema_migrations" ("version") VALUES ($1) RETURNING "version"[0m  [["version", "20210403042406"]]
  [1m[36mTRANSACTION (3.3ms)[0m  [1m[35mCOMMIT[0m
  [1m[36mActiveRecord::InternalMetadata Load (2.1ms)[0m  [1m[34mSELECT "ar_internal_metadata".* FROM "ar_internal_metadata" WHERE "ar_internal_metadata"."key" = $1 LIMIT $2[0m  [["key", "environment"], ["LIMIT", 1]]
  [1m[35m (0.6ms)[0m  [1m[34mSELECT pg_advisory_unlock(3243164389206928200)[0m
  [1m[35m (1.0ms)[0m  [1m[34mSELECT "schema_migrations"."version" FROM "schema_migrations" ORDER BY "schema_migrations"."version" ASC[0m
  [1m[35m (0.3ms)[0m  [1m[34mSELECT "schema_migrations"."version" FROM "schema_migrations" ORDER BY "schema_migrations"."version" ASC[0m
  [1m[35m (0.2ms)[0m  [1m[34mSELECT "schema_migrations"."version" FROM "schema_migrations" ORDER BY "schema_migrations"."version" ASC[0m
  [1m[35m (0.2ms)[0m  [1m[34mSELECT "schema_migrations"."version" FROM "schema_migrations" ORDER BY "schema_migrations"."version" ASC[0m
  [1m[35m (0.1ms)[0m  [1m[34mSELECT pg_try_advisory_lock(3243164389206928200)[0m
  [1m[35m (0.1ms)[0m  [1m[34mSELECT "schema_migrations"."version" FROM "schema_migrations" ORDER BY "schema_migrations"."version" ASC[0m
Migrating to DropUsers (20210403042406)
  [1m[35m (0.2ms)[0m  [1m[34mSELECT pg_advisory_unlock(3243164389206928200)[0m
  [1m[35m (0.3ms)[0m  [1m[34mSELECT "schema_migrations"."version" FROM "schema_migrations" ORDER BY "schema_migrations"."version" ASC[0m
  [1m[35m (0.3ms)[0m  [1m[34mSELECT "schema_migrations"."version" FROM "schema_migrations" ORDER BY "schema_migrations"."version" ASC[0m
  [1m[35m (0.3ms)[0m  [1m[34mSELECT "schema_migrations"."version" FROM "schema_migrations" ORDER BY "schema_migrations"."version" ASC[0m
  [1m[35m (0.2ms)[0m  [1m[34mSELECT "schema_migrations"."version" FROM "schema_migrations" ORDER BY "schema_migrations"."version" ASC[0m
  [1m[35m (0.2ms)[0m  [1m[34mSELECT "schema_migrations"."version" FROM "schema_migrations" ORDER BY "schema_migrations"."version" ASC[0m
  [1m[35m (0.1ms)[0m  [1m[34mSELECT pg_try_advisory_lock(3243164389206928200)[0m
  [1m[35m (0.2ms)[0m  [1m[34mSELECT "schema_migrations"."version" FROM "schema_migrations" ORDER BY "schema_migrations"."version" ASC[0m
Migrating to DropUsers (20210403042406)
  [1m[35m (0.1ms)[0m  [1m[34mSELECT pg_advisory_unlock(3243164389206928200)[0m
  [1m[35m (0.1ms)[0m  [1m[34mSELECT pg_try_advisory_lock(3243164389206928200)[0m
  [1m[35m (0.3ms)[0m  [1m[34mSELECT "schema_migrations"."version" FROM "schema_migrations" ORDER BY "schema_migrations"."version" ASC[0m
Migrating to CreateUsers2 (20210403042912)
  [1m[36mTRANSACTION (0.1ms)[0m  [1m[35mBEGIN[0m
  [1m[35m (58.0ms)[0m  [1m[35mCREATE TABLE "users" ("id" bigserial primary key, "username" character varying NOT NULL, "created_at" timestamp(6) NOT NULL, "updated_at" timestamp(6) NOT NULL)[0m
  [1m[35m (3.3ms)[0m  [1m[35mCREATE UNIQUE INDEX "index_users_on_username" ON "users" ("username")[0m
  [1m[36mActiveRecord::SchemaMigration Create (0.8ms)[0m  [1m[32mINSERT INTO "schema_migrations" ("version") VALUES ($1) RETURNING "version"[0m  [["version", "20210403042912"]]
  [1m[36mTRANSACTION (1.9ms)[0m  [1m[35mCOMMIT[0m
  [1m[36mActiveRecord::InternalMetadata Load (0.8ms)[0m  [1m[34mSELECT "ar_internal_metadata".* FROM "ar_internal_metadata" WHERE "ar_internal_metadata"."key" = $1 LIMIT $2[0m  [["key", "environment"], ["LIMIT", 1]]
  [1m[35m (0.5ms)[0m  [1m[34mSELECT pg_advisory_unlock(3243164389206928200)[0m
  [1m[35m (0.8ms)[0m  [1m[34mSELECT "schema_migrations"."version" FROM "schema_migrations" ORDER BY "schema_migrations"."version" ASC[0m
  [1m[35m (0.1ms)[0m  [1m[34mSELECT pg_try_advisory_lock(3243164389206928200)[0m
  [1m[35m (0.3ms)[0m  [1m[34mSELECT "schema_migrations"."version" FROM "schema_migrations" ORDER BY "schema_migrations"."version" ASC[0m
Migrating to CreateArtworks (20210403043947)
  [1m[36mTRANSACTION (0.1ms)[0m  [1m[35mBEGIN[0m
  [1m[35m (6.2ms)[0m  [1m[35mCREATE TABLE "artworks" ("id" bigserial primary key, "title" character varying NOT NULL, "image_url" character varying NOT NULL, "artist_id" integer NOT NULL, "created_at" timestamp(6) NOT NULL, "updated_at" timestamp(6) NOT NULL)[0m
  [1m[35m (2.6ms)[0m  [1m[35mCREATE UNIQUE INDEX "index_artworks_on_title_and_artist_id" ON "artworks" ("title", "artist_id")[0m
  [1m[36mActiveRecord::SchemaMigration Create (0.5ms)[0m  [1m[32mINSERT INTO "schema_migrations" ("version") VALUES ($1) RETURNING "version"[0m  [["version", "20210403043947"]]
  [1m[36mTRANSACTION (1.2ms)[0m  [1m[35mCOMMIT[0m
  [1m[36mActiveRecord::InternalMetadata Load (0.2ms)[0m  [1m[34mSELECT "ar_internal_metadata".* FROM "ar_internal_metadata" WHERE "ar_internal_metadata"."key" = $1 LIMIT $2[0m  [["key", "environment"], ["LIMIT", 1]]
  [1m[35m (0.2ms)[0m  [1m[34mSELECT pg_advisory_unlock(3243164389206928200)[0m
  [1m[35m (0.3ms)[0m  [1m[34mSELECT "schema_migrations"."version" FROM "schema_migrations" ORDER BY "schema_migrations"."version" ASC[0m
  [1m[35m (0.3ms)[0m  [1m[34mSELECT "schema_migrations"."version" FROM "schema_migrations" ORDER BY "schema_migrations"."version" ASC[0m
  [1m[35m (0.2ms)[0m  [1m[34mSELECT "schema_migrations"."version" FROM "schema_migrations" ORDER BY "schema_migrations"."version" ASC[0m
  [1m[35m (0.2ms)[0m  [1m[34mSELECT "schema_migrations"."version" FROM "schema_migrations" ORDER BY "schema_migrations"."version" ASC[0m
  [1m[35m (0.2ms)[0m  [1m[34mSELECT pg_try_advisory_lock(3243164389206928200)[0m
  [1m[35m (0.2ms)[0m  [1m[34mSELECT "schema_migrations"."version" FROM "schema_migrations" ORDER BY "schema_migrations"."version" ASC[0m
Migrating to CreateArtworks (20210403043947)
  [1m[36mTRANSACTION (0.1ms)[0m  [1m[35mBEGIN[0m
  [1m[35m (0.3ms)[0m  [1m[35mDROP INDEX  "index_artworks_on_title_and_artist_id"[0m
  [1m[35m (0.4ms)[0m  [1m[35mDROP TABLE "artworks"[0m
  [1m[36mActiveRecord::SchemaMigration Destroy (0.3ms)[0m  [1m[31mDELETE FROM "schema_migrations" WHERE "schema_migrations"."version" = $1[0m  [["version", "20210403043947"]]
  [1m[36mTRANSACTION (1.2ms)[0m  [1m[35mCOMMIT[0m
  [1m[35m (0.1ms)[0m  [1m[34mSELECT pg_advisory_unlock(3243164389206928200)[0m
  [1m[35m (0.3ms)[0m  [1m[34mSELECT "schema_migrations"."version" FROM "schema_migrations" ORDER BY "schema_migrations"."version" ASC[0m
  [1m[35m (0.1ms)[0m  [1m[34mSELECT pg_try_advisory_lock(3243164389206928200)[0m
  [1m[35m (0.3ms)[0m  [1m[34mSELECT "schema_migrations"."version" FROM "schema_migrations" ORDER BY "schema_migrations"."version" ASC[0m
Migrating to CreateArtworks (20210403043947)
  [1m[36mTRANSACTION (0.2ms)[0m  [1m[35mBEGIN[0m
  [1m[35m (6.9ms)[0m  [1m[35mCREATE TABLE "artworks" ("id" bigserial primary key, "title" character varying NOT NULL, "image_url" character varying NOT NULL, "artist_id" integer NOT NULL, "created_at" timestamp(6) NOT NULL, "updated_at" timestamp(6) NOT NULL)[0m
  [1m[35m (2.4ms)[0m  [1m[35mCREATE UNIQUE INDEX "index_artworks_on_title_and_artist_id" ON "artworks" ("title", "artist_id")[0m
  [1m[35m (2.3ms)[0m  [1m[35mCREATE UNIQUE INDEX "index_artworks_on_artist_id" ON "artworks" ("artist_id")[0m
  [1m[36mActiveRecord::SchemaMigration Create (0.2ms)[0m  [1m[32mINSERT INTO "schema_migrations" ("version") VALUES ($1) RETURNING "version"[0m  [["version", "20210403043947"]]
  [1m[36mTRANSACTION (1.0ms)[0m  [1m[35mCOMMIT[0m
  [1m[36mActiveRecord::InternalMetadata Load (0.2ms)[0m  [1m[34mSELECT "ar_internal_metadata".* FROM "ar_internal_metadata" WHERE "ar_internal_metadata"."key" = $1 LIMIT $2[0m  [["key", "environment"], ["LIMIT", 1]]
  [1m[35m (0.2ms)[0m  [1m[34mSELECT pg_advisory_unlock(3243164389206928200)[0m
  [1m[35m (0.3ms)[0m  [1m[34mSELECT "schema_migrations"."version" FROM "schema_migrations" ORDER BY "schema_migrations"."version" ASC[0m
  [1m[35m (0.5ms)[0m  [1m[34mSELECT "schema_migrations"."version" FROM "schema_migrations" ORDER BY "schema_migrations"."version" ASC[0m
  [1m[35m (0.2ms)[0m  [1m[34mSELECT "schema_migrations"."version" FROM "schema_migrations" ORDER BY "schema_migrations"."version" ASC[0m
  [1m[35m (0.2ms)[0m  [1m[34mSELECT "schema_migrations"."version" FROM "schema_migrations" ORDER BY "schema_migrations"."version" ASC[0m
  [1m[35m (0.1ms)[0m  [1m[34mSELECT pg_try_advisory_lock(3243164389206928200)[0m
  [1m[35m (0.1ms)[0m  [1m[34mSELECT "schema_migrations"."version" FROM "schema_migrations" ORDER BY "schema_migrations"."version" ASC[0m
Migrating to CreateArtworks (20210403043947)
  [1m[36mTRANSACTION (0.1ms)[0m  [1m[35mBEGIN[0m
  [1m[35m (0.2ms)[0m  [1m[35mDROP INDEX  "index_artworks_on_artist_id"[0m
  [1m[35m (0.2ms)[0m  [1m[35mDROP INDEX  "index_artworks_on_title_and_artist_id"[0m
  [1m[35m (0.5ms)[0m  [1m[35mDROP TABLE "artworks"[0m
  [1m[36mActiveRecord::SchemaMigration Destroy (0.4ms)[0m  [1m[31mDELETE FROM "schema_migrations" WHERE "schema_migrations"."version" = $1[0m  [["version", "20210403043947"]]
  [1m[36mTRANSACTION (1.2ms)[0m  [1m[35mCOMMIT[0m
  [1m[35m (0.2ms)[0m  [1m[34mSELECT pg_advisory_unlock(3243164389206928200)[0m
  [1m[35m (0.3ms)[0m  [1m[34mSELECT "schema_migrations"."version" FROM "schema_migrations" ORDER BY "schema_migrations"."version" ASC[0m
  [1m[35m (0.2ms)[0m  [1m[34mSELECT pg_try_advisory_lock(3243164389206928200)[0m
  [1m[35m (0.3ms)[0m  [1m[34mSELECT "schema_migrations"."version" FROM "schema_migrations" ORDER BY "schema_migrations"."version" ASC[0m
Migrating to CreateArtworks (20210403043947)
  [1m[36mTRANSACTION (0.1ms)[0m  [1m[35mBEGIN[0m
  [1m[35m (5.9ms)[0m  [1m[35mCREATE TABLE "artworks" ("id" bigserial primary key, "title" character varying NOT NULL, "image_url" character varying NOT NULL, "artist_id" integer NOT NULL, "created_at" timestamp(6) NOT NULL, "updated_at" timestamp(6) NOT NULL)[0m
  [1m[35m (2.3ms)[0m  [1m[35mCREATE UNIQUE INDEX "index_artworks_on_artist_id_and_title" ON "artworks" ("artist_id", "title")[0m
  [1m[35m (2.2ms)[0m  [1m[35mCREATE UNIQUE INDEX "index_artworks_on_artist_id" ON "artworks" ("artist_id")[0m
  [1m[36mActiveRecord::SchemaMigration Create (0.2ms)[0m  [1m[32mINSERT INTO "schema_migrations" ("version") VALUES ($1) RETURNING "version"[0m  [["version", "20210403043947"]]
  [1m[36mTRANSACTION (1.0ms)[0m  [1m[35mCOMMIT[0m
  [1m[36mActiveRecord::InternalMetadata Load (0.2ms)[0m  [1m[34mSELECT "ar_internal_metadata".* FROM "ar_internal_metadata" WHERE "ar_internal_metadata"."key" = $1 LIMIT $2[0m  [["key", "environment"], ["LIMIT", 1]]
  [1m[35m (0.2ms)[0m  [1m[34mSELECT pg_advisory_unlock(3243164389206928200)[0m
  [1m[35m (0.3ms)[0m  [1m[34mSELECT "schema_migrations"."version" FROM "schema_migrations" ORDER BY "schema_migrations"."version" ASC[0m
  [1m[36mTRANSACTION (0.1ms)[0m  [1m[35mBEGIN[0m
  [1m[36mUser Exists? (0.5ms)[0m  [1m[34mSELECT 1 AS one FROM "users" WHERE "users"."username" = $1 LIMIT $2[0m  [["username", "Lim"], ["LIMIT", 1]]
  [1m[36mUser Create (0.4ms)[0m  [1m[32mINSERT INTO "users" ("username", "created_at", "updated_at") VALUES ($1, $2, $3) RETURNING "id"[0m  [["username", "Lim"], ["created_at", "2021-04-03 04:56:12.878936"], ["updated_at", "2021-04-03 04:56:12.878936"]]
  [1m[36mTRANSACTION (1.0ms)[0m  [1m[35mCOMMIT[0m
  [1m[36mUser Load (0.2ms)[0m  [1m[34mSELECT "users".* FROM "users" ORDER BY "users"."id" ASC LIMIT $1[0m  [["LIMIT", 1]]
  [1m[36mUser Load (0.2ms)[0m  [1m[34mSELECT "users".* FROM "users" ORDER BY "users"."id" ASC LIMIT $1[0m  [["LIMIT", 1]]
  [1m[36mArtwork Load (0.3ms)[0m  [1m[34mSELECT "artworks".* FROM "artworks" WHERE "artworks"."artist_id" = $1[0m  [["artist_id", 1]]
  [1m[36mTRANSACTION (0.2ms)[0m  [1m[35mBEGIN[0m
  [1m[36mArtwork Exists? (0.3ms)[0m  [1m[34mSELECT 1 AS one FROM "artworks" WHERE "artworks"."title" = $1 AND "artworks"."artist_id" = $2 LIMIT $3[0m  [["title", "poop"], ["artist_id", 1], ["LIMIT", 1]]
  [1m[36mUser Load (0.2ms)[0m  [1m[34mSELECT "users".* FROM "users" WHERE "users"."id" = $1 LIMIT $2[0m  [["id", 1], ["LIMIT", 1]]
  [1m[36mArtwork Create (0.4ms)[0m  [1m[32mINSERT INTO "artworks" ("title", "image_url", "artist_id", "created_at", "updated_at") VALUES ($1, $2, $3, $4, $5) RETURNING "id"[0m  [["title", "poop"], ["image_url", "dubaduba.com"], ["artist_id", 1], ["created_at", "2021-04-03 04:58:56.243203"], ["updated_at", "2021-04-03 04:58:56.243203"]]
  [1m[36mTRANSACTION (1.1ms)[0m  [1m[35mCOMMIT[0m
  [1m[36mUser Load (0.3ms)[0m  [1m[34mSELECT "users".* FROM "users" ORDER BY "users"."id" ASC LIMIT $1[0m  [["LIMIT", 1]]
  [1m[36mArtwork Load (0.2ms)[0m  [1m[34mSELECT "artworks".* FROM "artworks" WHERE "artworks"."artist_id" = $1[0m  [["artist_id", 1]]
  [1m[36mArtwork Load (0.2ms)[0m  [1m[34mSELECT "artworks".* FROM "artworks" ORDER BY "artworks"."id" ASC LIMIT $1[0m  [["LIMIT", 1]]
  [1m[36mUser Load (0.2ms)[0m  [1m[34mSELECT "users".* FROM "users" WHERE "users"."id" = $1 LIMIT $2[0m  [["id", 1], ["LIMIT", 1]]
  [1m[35m (0.1ms)[0m  [1m[34mSELECT pg_try_advisory_lock(3243164389206928200)[0m
  [1m[35m (0.3ms)[0m  [1m[34mSELECT "schema_migrations"."version" FROM "schema_migrations" ORDER BY "schema_migrations"."version" ASC[0m
Migrating to CreateArtworkShares (20210403050006)
  [1m[35m (0.1ms)[0m  [1m[34mSELECT pg_advisory_unlock(3243164389206928200)[0m
  [1m[35m (0.2ms)[0m  [1m[34mSELECT pg_try_advisory_lock(3243164389206928200)[0m
  [1m[35m (0.3ms)[0m  [1m[34mSELECT "schema_migrations"."version" FROM "schema_migrations" ORDER BY "schema_migrations"."version" ASC[0m
Migrating to CreateArtworkShares (20210403050006)
  [1m[36mTRANSACTION (0.1ms)[0m  [1m[35mBEGIN[0m
  [1m[35m (5.7ms)[0m  [1m[35mCREATE TABLE "artwork_shares" ("id" bigserial primary key, "artwork_id" integer NOT NULL, "viewer_id" integer NOT NULL, "created_at" timestamp(6) NOT NULL, "updated_at" timestamp(6) NOT NULL)[0m
  [1m[35m (3.1ms)[0m  [1m[35mCREATE UNIQUE INDEX "index_artwork_shares_on_viewer_id_and_artwork_id" ON "artwork_shares" ("viewer_id", "artwork_id")[0m
  [1m[35m (2.9ms)[0m  [1m[35mCREATE INDEX "index_artwork_shares_on_artwork_id" ON "artwork_shares" ("artwork_id")[0m
  [1m[36mActiveRecord::SchemaMigration Create (0.2ms)[0m  [1m[32mINSERT INTO "schema_migrations" ("version") VALUES ($1) RETURNING "version"[0m  [["version", "20210403050006"]]
  [1m[36mTRANSACTION (1.1ms)[0m  [1m[35mCOMMIT[0m
  [1m[36mActiveRecord::InternalMetadata Load (0.2ms)[0m  [1m[34mSELECT "ar_internal_metadata".* FROM "ar_internal_metadata" WHERE "ar_internal_metadata"."key" = $1 LIMIT $2[0m  [["key", "environment"], ["LIMIT", 1]]
  [1m[35m (0.2ms)[0m  [1m[34mSELECT pg_advisory_unlock(3243164389206928200)[0m
  [1m[35m (0.3ms)[0m  [1m[34mSELECT "schema_migrations"."version" FROM "schema_migrations" ORDER BY "schema_migrations"."version" ASC[0m
  [1m[36mTRANSACTION (0.1ms)[0m  [1m[35mBEGIN[0m
  [1m[36mUser Exists? (0.2ms)[0m  [1m[34mSELECT 1 AS one FROM "users" WHERE "users"."username" = $1 LIMIT $2[0m  [["username", "Kieu"], ["LIMIT", 1]]
  [1m[36mUser Create (0.2ms)[0m  [1m[32mINSERT INTO "users" ("username", "created_at", "updated_at") VALUES ($1, $2, $3) RETURNING "id"[0m  [["username", "Kieu"], ["created_at", "2021-04-03 05:20:55.713017"], ["updated_at", "2021-04-03 05:20:55.713017"]]
  [1m[36mTRANSACTION (1.2ms)[0m  [1m[35mCOMMIT[0m
  [1m[36mTRANSACTION (0.1ms)[0m  [1m[35mBEGIN[0m
  [1m[36mArtwork Exists? (0.2ms)[0m  [1m[34mSELECT 1 AS one FROM "artworks" WHERE "artworks"."title" = $1 AND "artworks"."artist_id" = $2 LIMIT $3[0m  [["title", "butts"], ["artist_id", 2], ["LIMIT", 1]]
  [1m[36mUser Load (0.2ms)[0m  [1m[34mSELECT "users".* FROM "users" WHERE "users"."id" = $1 LIMIT $2[0m  [["id", 2], ["LIMIT", 1]]
  [1m[36mArtwork Create (0.2ms)[0m  [1m[32mINSERT INTO "artworks" ("title", "image_url", "artist_id", "created_at", "updated_at") VALUES ($1, $2, $3, $4, $5) RETURNING "id"[0m  [["title", "butts"], ["image_url", "dududududu"], ["artist_id", 2], ["created_at", "2021-04-03 05:21:31.595062"], ["updated_at", "2021-04-03 05:21:31.595062"]]
  [1m[36mTRANSACTION (1.2ms)[0m  [1m[35mCOMMIT[0m
  [1m[36mUser Load (0.7ms)[0m  [1m[34mSELECT "users".* FROM "users" ORDER BY "users"."id" ASC LIMIT $1 OFFSET $2[0m  [["LIMIT", 1], ["OFFSET", 1]]
  [1m[36mUser Load (0.8ms)[0m  [1m[34mSELECT "users".* FROM "users" ORDER BY "users"."id" ASC LIMIT $1 OFFSET $2[0m  [["LIMIT", 1], ["OFFSET", 1]]
  [1m[36mArtwork Load (0.7ms)[0m  [1m[34mSELECT "artworks".* FROM "artworks" WHERE "artworks"."artist_id" = $1[0m  [["artist_id", 2]]
  [1m[36mTRANSACTION (0.2ms)[0m  [1m[35mBEGIN[0m
  [1m[36mArtworkShare Exists? (0.4ms)[0m  [1m[34mSELECT 1 AS one FROM "artwork_shares" WHERE "artwork_shares"."artwork_id" = $1 AND "artwork_shares"."viewer_id" = $2 LIMIT $3[0m  [["artwork_id", 1], ["viewer_id", 2], ["LIMIT", 1]]
  [1m[36mUser Load (0.2ms)[0m  [1m[34mSELECT "users".* FROM "users" WHERE "users"."id" = $1 LIMIT $2[0m  [["id", 2], ["LIMIT", 1]]
  [1m[36mArtwork Load (0.1ms)[0m  [1m[34mSELECT "artworks".* FROM "artworks" WHERE "artworks"."id" = $1 LIMIT $2[0m  [["id", 1], ["LIMIT", 1]]
  [1m[36mArtworkShare Create (0.2ms)[0m  [1m[32mINSERT INTO "artwork_shares" ("artwork_id", "viewer_id", "created_at", "updated_at") VALUES ($1, $2, $3, $4) RETURNING "id"[0m  [["artwork_id", 1], ["viewer_id", 2], ["created_at", "2021-04-03 05:22:20.761667"], ["updated_at", "2021-04-03 05:22:20.761667"]]
  [1m[36mTRANSACTION (0.8ms)[0m  [1m[35mCOMMIT[0m
  [1m[36mArtwork Load (0.7ms)[0m  [1m[34mSELECT "artworks".* FROM "artworks" ORDER BY "artworks"."id" ASC LIMIT $1 OFFSET $2[0m  [["LIMIT", 1], ["OFFSET", 1]]
  [1m[36mArtwork Load (0.8ms)[0m  [1m[34mSELECT "artworks".* FROM "artworks" ORDER BY "artworks"."id" ASC LIMIT $1 OFFSET $2[0m  [["LIMIT", 1], ["OFFSET", 1]]
  [1m[36mUser Load (0.3ms)[0m  [1m[34mSELECT "users".* FROM "users" INNER JOIN "artwork_shares" ON "users"."id" = "artwork_shares"."viewer_id" WHERE "artwork_shares"."artwork_id" = $1[0m  [["artwork_id", 2]]
  [1m[36mArtwork Load (0.8ms)[0m  [1m[34mSELECT "artworks".* FROM "artworks" ORDER BY "artworks"."id" ASC LIMIT $1[0m  [["LIMIT", 1]]
  [1m[36mUser Load (0.9ms)[0m  [1m[34mSELECT "users".* FROM "users" INNER JOIN "artwork_shares" ON "users"."id" = "artwork_shares"."viewer_id" WHERE "artwork_shares"."artwork_id" = $1[0m  [["artwork_id", 1]]
  [1m[36mUser Load (0.8ms)[0m  [1m[34mSELECT "users".* FROM "users" ORDER BY "users"."id" ASC LIMIT $1[0m  [["LIMIT", 1]]
  [1m[36mUser Load (0.8ms)[0m  [1m[34mSELECT "users".* FROM "users" ORDER BY "users"."id" ASC LIMIT $1[0m  [["LIMIT", 1]]
  [1m[36mUser Load (0.1ms)[0m  [1m[34mSELECT "users".* FROM "users" ORDER BY "users"."id" ASC LIMIT $1[0m  [["LIMIT", 1]]
  [1m[36mArtworkShare Load (0.2ms)[0m  [1m[34mSELECT "artwork_shares".* FROM "artwork_shares" WHERE "artwork_shares"."viewer_id" = $1[0m  [["viewer_id", 1]]
  [1m[36mUser Load (0.8ms)[0m  [1m[34mSELECT "users".* FROM "users" ORDER BY "users"."id" ASC LIMIT $1 OFFSET $2[0m  [["LIMIT", 1], ["OFFSET", 1]]
  [1m[36mArtworkShare Load (0.7ms)[0m  [1m[34mSELECT "artwork_shares".* FROM "artwork_shares" WHERE "artwork_shares"."viewer_id" = $1[0m  [["viewer_id", 2]]
Started GET "/users/" for 127.0.0.1 at 2021-04-03 14:50:48 +0900
  [1m[35m (0.5ms)[0m  [1m[34mSELECT "schema_migrations"."version" FROM "schema_migrations" ORDER BY "schema_migrations"."version" ASC[0m
Processing by UsersController#index as */*
  Parameters: {"user"=>{"email"=>"kuuuuuuu"}}
  [1m[36mUser Load (0.6ms)[0m  [1m[34mSELECT "users".* FROM "users"[0m
  ↳ app/controllers/users_controller.rb:3:in `index'
Completed 200 OK in 11ms (Views: 2.7ms | ActiveRecord: 3.6ms | Allocations: 4435)


Started GET "/artworks" for 127.0.0.1 at 2021-04-03 14:50:54 +0900
Processing by ArtworksController#index as */*
  Parameters: {"user"=>{"email"=>"kuuuuuuu"}, "artwork"=>{}}
  [1m[36mArtwork Load (0.6ms)[0m  [1m[34mSELECT "artworks".* FROM "artworks"[0m
  ↳ app/controllers/artworks_controller.rb:4:in `index'
Completed 200 OK in 6ms (Views: 4.3ms | ActiveRecord: 3.0ms | Allocations: 3476)


Started POST "/users?username=Linh" for 127.0.0.1 at 2021-04-03 14:51:25 +0900
Processing by UsersController#create as */*
  Parameters: {"user"=>{"email"=>"kuuuuuuu"}, "username"=>"Linh"}
[31mUnpermitted parameter: :email[0m
  [1m[36mTRANSACTION (0.5ms)[0m  [1m[35mBEGIN[0m
  ↳ app/controllers/users_controller.rb:8:in `create'
  [1m[36mUser Exists? (0.6ms)[0m  [1m[34mSELECT 1 AS one FROM "users" WHERE "users"."username" IS NULL LIMIT $1[0m  [["LIMIT", 1]]
  ↳ app/controllers/users_controller.rb:8:in `create'
  [1m[36mTRANSACTION (0.4ms)[0m  [1m[31mROLLBACK[0m
  ↳ app/controllers/users_controller.rb:8:in `create'
Completed 422 Unprocessable Entity in 11ms (Views: 0.1ms | ActiveRecord: 1.6ms | Allocations: 7925)


Started POST "/users" for 127.0.0.1 at 2021-04-03 14:51:49 +0900
Processing by UsersController#create as */*
  Parameters: {"user"=>{"username"=>"kuuuuuuu"}}
  [1m[36mTRANSACTION (0.5ms)[0m  [1m[35mBEGIN[0m
  ↳ app/controllers/users_controller.rb:8:in `create'
  [1m[36mUser Exists? (0.7ms)[0m  [1m[34mSELECT 1 AS one FROM "users" WHERE "users"."username" = $1 LIMIT $2[0m  [["username", "kuuuuuuu"], ["LIMIT", 1]]
  ↳ app/controllers/users_controller.rb:8:in `create'
  [1m[36mUser Create (0.6ms)[0m  [1m[32mINSERT INTO "users" ("username", "created_at", "updated_at") VALUES ($1, $2, $3) RETURNING "id"[0m  [["username", "kuuuuuuu"], ["created_at", "2021-04-03 05:51:49.170723"], ["updated_at", "2021-04-03 05:51:49.170723"]]
  ↳ app/controllers/users_controller.rb:8:in `create'
  [1m[36mTRANSACTION (1.1ms)[0m  [1m[35mCOMMIT[0m
  ↳ app/controllers/users_controller.rb:8:in `create'
Completed 200 OK in 6ms (Views: 0.2ms | ActiveRecord: 2.9ms | Allocations: 3642)


Started GET "/users/3" for 127.0.0.1 at 2021-04-03 14:52:01 +0900
Processing by UsersController#show as */*
  Parameters: {"user"=>{"username"=>"kuuuuuuu"}, "id"=>"3"}
  [1m[36mUser Load (0.5ms)[0m  [1m[34mSELECT "users".* FROM "users" WHERE "users"."id" = $1 LIMIT $2[0m  [["id", 3], ["LIMIT", 1]]
  ↳ app/controllers/users_controller.rb:16:in `show'
Completed 200 OK in 3ms (Views: 0.2ms | ActiveRecord: 0.9ms | Allocations: 1187)


Started GET "/users/2" for 127.0.0.1 at 2021-04-03 14:52:04 +0900
Processing by UsersController#show as */*
  Parameters: {"user"=>{"username"=>"kuuuuuuu"}, "id"=>"2"}
  [1m[36mUser Load (0.5ms)[0m  [1m[34mSELECT "users".* FROM "users" WHERE "users"."id" = $1 LIMIT $2[0m  [["id", 2], ["LIMIT", 1]]
  ↳ app/controllers/users_controller.rb:16:in `show'
Completed 200 OK in 2ms (Views: 0.3ms | ActiveRecord: 0.5ms | Allocations: 930)


Started GET "/users/1" for 127.0.0.1 at 2021-04-03 14:52:06 +0900
Processing by UsersController#show as */*
  Parameters: {"user"=>{"username"=>"kuuuuuuu"}, "id"=>"1"}
  [1m[36mUser Load (0.7ms)[0m  [1m[34mSELECT "users".* FROM "users" WHERE "users"."id" = $1 LIMIT $2[0m  [["id", 1], ["LIMIT", 1]]
  ↳ app/controllers/users_controller.rb:16:in `show'
Completed 200 OK in 3ms (Views: 0.3ms | ActiveRecord: 0.7ms | Allocations: 913)


Started POST "/artworks" for 127.0.0.1 at 2021-04-03 14:53:32 +0900
Processing by ArtworksController#create as */*
  Parameters: {"artwork"=>{"title"=>"this is shit", "image_url"=>"dubadubakuku", "artist_id"=>2}}
  [1m[36mTRANSACTION (0.5ms)[0m  [1m[35mBEGIN[0m
  ↳ app/controllers/artworks_controller.rb:10:in `create'
  [1m[36mArtwork Exists? (0.7ms)[0m  [1m[34mSELECT 1 AS one FROM "artworks" WHERE "artworks"."title" = $1 AND "artworks"."artist_id" = $2 LIMIT $3[0m  [["title", "this is shit"], ["artist_id", 2], ["LIMIT", 1]]
  ↳ app/controllers/artworks_controller.rb:10:in `create'
  [1m[36mUser Load (0.9ms)[0m  [1m[34mSELECT "users".* FROM "users" WHERE "users"."id" = $1 LIMIT $2[0m  [["id", 2], ["LIMIT", 1]]
  ↳ app/controllers/artworks_controller.rb:10:in `create'
  [1m[36mArtwork Create (1.3ms)[0m  [1m[32mINSERT INTO "artworks" ("title", "image_url", "artist_id", "created_at", "updated_at") VALUES ($1, $2, $3, $4, $5) RETURNING "id"[0m  [["title", "this is shit"], ["image_url", "dubadubakuku"], ["artist_id", 2], ["created_at", "2021-04-03 05:53:32.726896"], ["updated_at", "2021-04-03 05:53:32.726896"]]
  ↳ app/controllers/artworks_controller.rb:10:in `create'
  [1m[36mTRANSACTION (0.5ms)[0m  [1m[31mROLLBACK[0m
  ↳ app/controllers/artworks_controller.rb:10:in `create'
Completed 500 Internal Server Error in 14ms (ActiveRecord: 3.8ms | Allocations: 11951)



ActiveRecord::RecordNotUnique - PG::UniqueViolation: ERROR:  duplicate key value violates unique constraint "index_artworks_on_artist_id"
DETAIL:  Key (artist_id)=(2) already exists.:
  app/controllers/artworks_controller.rb:10:in `create'

  [1m[35m (0.1ms)[0m  [1m[34mSELECT pg_try_advisory_lock(3243164389206928200)[0m
  [1m[35m (0.3ms)[0m  [1m[34mSELECT "schema_migrations"."version" FROM "schema_migrations" ORDER BY "schema_migrations"."version" ASC[0m
Migrating to RemoveArtworkArtistIdUnique (20210403055541)
  [1m[36mTRANSACTION (0.2ms)[0m  [1m[35mBEGIN[0m
  [1m[35m (0.3ms)[0m  [1m[35mDROP INDEX  "index_artworks_on_artist_id"[0m
  [1m[35m (2.6ms)[0m  [1m[35mCREATE INDEX "index_artworks_on_artist_id" ON "artworks" ("artist_id")[0m
  [1m[36mActiveRecord::SchemaMigration Create (0.2ms)[0m  [1m[32mINSERT INTO "schema_migrations" ("version") VALUES ($1) RETURNING "version"[0m  [["version", "20210403055541"]]
  [1m[36mTRANSACTION (1.3ms)[0m  [1m[35mCOMMIT[0m
  [1m[36mActiveRecord::InternalMetadata Load (0.2ms)[0m  [1m[34mSELECT "ar_internal_metadata".* FROM "ar_internal_metadata" WHERE "ar_internal_metadata"."key" = $1 LIMIT $2[0m  [["key", "environment"], ["LIMIT", 1]]
  [1m[35m (0.2ms)[0m  [1m[34mSELECT pg_advisory_unlock(3243164389206928200)[0m
  [1m[35m (0.4ms)[0m  [1m[34mSELECT "schema_migrations"."version" FROM "schema_migrations" ORDER BY "schema_migrations"."version" ASC[0m
Started POST "/artworks" for 127.0.0.1 at 2021-04-03 14:56:27 +0900
  [1m[35m (0.4ms)[0m  [1m[34mSELECT "schema_migrations"."version" FROM "schema_migrations" ORDER BY "schema_migrations"."version" ASC[0m
Processing by ArtworksController#create as */*
  Parameters: {"artwork"=>{"title"=>"this is shit", "image_url"=>"dubadubakuku", "artist_id"=>2}}
  [1m[36mTRANSACTION (0.5ms)[0m  [1m[35mBEGIN[0m
  ↳ app/controllers/artworks_controller.rb:10:in `create'
  [1m[36mArtwork Exists? (0.6ms)[0m  [1m[34mSELECT 1 AS one FROM "artworks" WHERE "artworks"."title" = $1 AND "artworks"."artist_id" = $2 LIMIT $3[0m  [["title", "this is shit"], ["artist_id", 2], ["LIMIT", 1]]
  ↳ app/controllers/artworks_controller.rb:10:in `create'
  [1m[36mUser Load (0.6ms)[0m  [1m[34mSELECT "users".* FROM "users" WHERE "users"."id" = $1 LIMIT $2[0m  [["id", 2], ["LIMIT", 1]]
  ↳ app/controllers/artworks_controller.rb:10:in `create'
  [1m[36mArtwork Create (0.5ms)[0m  [1m[32mINSERT INTO "artworks" ("title", "image_url", "artist_id", "created_at", "updated_at") VALUES ($1, $2, $3, $4, $5) RETURNING "id"[0m  [["title", "this is shit"], ["image_url", "dubadubakuku"], ["artist_id", 2], ["created_at", "2021-04-03 05:56:27.449578"], ["updated_at", "2021-04-03 05:56:27.449578"]]
  ↳ app/controllers/artworks_controller.rb:10:in `create'
  [1m[36mTRANSACTION (1.0ms)[0m  [1m[35mCOMMIT[0m
  ↳ app/controllers/artworks_controller.rb:10:in `create'
Completed 200 OK in 19ms (Views: 0.2ms | ActiveRecord: 8.4ms | Allocations: 12551)


Started GET "/artworks" for 127.0.0.1 at 2021-04-03 14:56:34 +0900
Processing by ArtworksController#index as */*
  Parameters: {"artwork"=>{"title"=>"this is shit", "image_url"=>"dubadubakuku", "artist_id"=>2}}
  [1m[36mArtwork Load (0.6ms)[0m  [1m[34mSELECT "artworks".* FROM "artworks"[0m
  ↳ app/controllers/artworks_controller.rb:4:in `index'
Completed 200 OK in 2ms (Views: 1.4ms | ActiveRecord: 0.6ms | Allocations: 1297)


Started POST "/artworks" for 127.0.0.1 at 2021-04-03 14:56:54 +0900
Processing by ArtworksController#create as */*
  Parameters: {"artwork"=>{"title"=>"this is shit", "image_url"=>"dubadubakuku", "artist_id"=>2}}
  [1m[36mTRANSACTION (0.6ms)[0m  [1m[35mBEGIN[0m
  ↳ app/controllers/artworks_controller.rb:10:in `create'
  [1m[36mArtwork Exists? (0.6ms)[0m  [1m[34mSELECT 1 AS one FROM "artworks" WHERE "artworks"."title" = $1 AND "artworks"."artist_id" = $2 LIMIT $3[0m  [["title", "this is shit"], ["artist_id", 2], ["LIMIT", 1]]
  ↳ app/controllers/artworks_controller.rb:10:in `create'
  [1m[36mUser Load (0.6ms)[0m  [1m[34mSELECT "users".* FROM "users" WHERE "users"."id" = $1 LIMIT $2[0m  [["id", 2], ["LIMIT", 1]]
  ↳ app/controllers/artworks_controller.rb:10:in `create'
  [1m[36mTRANSACTION (0.4ms)[0m  [1m[31mROLLBACK[0m
  ↳ app/controllers/artworks_controller.rb:10:in `create'
Completed 422 Unprocessable Entity in 7ms (Views: 0.1ms | ActiveRecord: 2.2ms | Allocations: 4960)


Started GET "/artworks/2" for 127.0.0.1 at 2021-04-03 15:01:46 +0900
Processing by ArtworksController#show as */*
  Parameters: {"artwork"=>{"title"=>"this is shit", "image_url"=>"dubadubakuku", "artist_id"=>2}, "id"=>"2"}
  [1m[36mArtwork Load (0.6ms)[0m  [1m[34mSELECT "artworks".* FROM "artworks" WHERE "artworks"."id" = $1 LIMIT $2[0m  [["id", 2], ["LIMIT", 1]]
  ↳ app/controllers/artworks_controller.rb:28:in `show'
Completed 200 OK in 3ms (Views: 0.3ms | ActiveRecord: 0.6ms | Allocations: 1033)


Started GET "/artworks/3" for 127.0.0.1 at 2021-04-03 15:01:48 +0900
Processing by ArtworksController#show as */*
  Parameters: {"artwork"=>{"title"=>"this is shit", "image_url"=>"dubadubakuku", "artist_id"=>2}, "id"=>"3"}
  [1m[36mArtwork Load (0.4ms)[0m  [1m[34mSELECT "artworks".* FROM "artworks" WHERE "artworks"."id" = $1 LIMIT $2[0m  [["id", 3], ["LIMIT", 1]]
  ↳ app/controllers/artworks_controller.rb:28:in `show'
Completed 404 Not Found in 2ms (ActiveRecord: 0.4ms | Allocations: 1610)



ActiveRecord::RecordNotFound - Couldn't find Artwork with 'id'=3:
  app/controllers/artworks_controller.rb:28:in `show'

Started GET "/artworks/4" for 127.0.0.1 at 2021-04-03 15:01:51 +0900
Processing by ArtworksController#show as */*
  Parameters: {"artwork"=>{"title"=>"this is shit", "image_url"=>"dubadubakuku", "artist_id"=>2}, "id"=>"4"}
  [1m[36mArtwork Load (0.5ms)[0m  [1m[34mSELECT "artworks".* FROM "artworks" WHERE "artworks"."id" = $1 LIMIT $2[0m  [["id", 4], ["LIMIT", 1]]
  ↳ app/controllers/artworks_controller.rb:28:in `show'
Completed 200 OK in 2ms (Views: 0.2ms | ActiveRecord: 0.5ms | Allocations: 932)


Started GET "/artworks/1" for 127.0.0.1 at 2021-04-03 15:01:52 +0900
Processing by ArtworksController#show as */*
  Parameters: {"artwork"=>{"title"=>"this is shit", "image_url"=>"dubadubakuku", "artist_id"=>2}, "id"=>"1"}
  [1m[36mArtwork Load (0.5ms)[0m  [1m[34mSELECT "artworks".* FROM "artworks" WHERE "artworks"."id" = $1 LIMIT $2[0m  [["id", 1], ["LIMIT", 1]]
  ↳ app/controllers/artworks_controller.rb:28:in `show'
Completed 200 OK in 3ms (Views: 0.2ms | ActiveRecord: 0.5ms | Allocations: 933)


Started GET "/users/1" for 127.0.0.1 at 2021-04-03 15:01:59 +0900
Processing by UsersController#show as */*
  Parameters: {"artwork"=>{"title"=>"this is shit", "image_url"=>"dubadubakuku", "artist_id"=>2}, "id"=>"1", "user"=>{}}
  [1m[36mUser Load (0.4ms)[0m  [1m[34mSELECT "users".* FROM "users" WHERE "users"."id" = $1 LIMIT $2[0m  [["id", 1], ["LIMIT", 1]]
  ↳ app/controllers/users_controller.rb:16:in `show'
Completed 200 OK in 2ms (Views: 0.2ms | ActiveRecord: 0.4ms | Allocations: 1015)


Started GET "/users/2" for 127.0.0.1 at 2021-04-03 15:02:01 +0900
Processing by UsersController#show as */*
  Parameters: {"artwork"=>{"title"=>"this is shit", "image_url"=>"dubadubakuku", "artist_id"=>2}, "id"=>"2", "user"=>{}}
  [1m[36mUser Load (0.7ms)[0m  [1m[34mSELECT "users".* FROM "users" WHERE "users"."id" = $1 LIMIT $2[0m  [["id", 2], ["LIMIT", 1]]
  ↳ app/controllers/users_controller.rb:16:in `show'
Completed 200 OK in 4ms (Views: 0.8ms | ActiveRecord: 0.7ms | Allocations: 913)


Started GET "/users/3" for 127.0.0.1 at 2021-04-03 15:02:02 +0900
Processing by UsersController#show as */*
  Parameters: {"artwork"=>{"title"=>"this is shit", "image_url"=>"dubadubakuku", "artist_id"=>2}, "id"=>"3", "user"=>{}}
  [1m[36mUser Load (0.5ms)[0m  [1m[34mSELECT "users".* FROM "users" WHERE "users"."id" = $1 LIMIT $2[0m  [["id", 3], ["LIMIT", 1]]
  ↳ app/controllers/users_controller.rb:16:in `show'
Completed 200 OK in 2ms (Views: 0.2ms | ActiveRecord: 0.5ms | Allocations: 912)


Started GET "/users/4" for 127.0.0.1 at 2021-04-03 15:02:03 +0900
Processing by UsersController#show as */*
  Parameters: {"artwork"=>{"title"=>"this is shit", "image_url"=>"dubadubakuku", "artist_id"=>2}, "id"=>"4", "user"=>{}}
  [1m[36mUser Load (0.5ms)[0m  [1m[34mSELECT "users".* FROM "users" WHERE "users"."id" = $1 LIMIT $2[0m  [["id", 4], ["LIMIT", 1]]
  ↳ app/controllers/users_controller.rb:16:in `show'
Completed 404 Not Found in 3ms (ActiveRecord: 0.5ms | Allocations: 1605)



ActiveRecord::RecordNotFound - Couldn't find User with 'id'=4:
  app/controllers/users_controller.rb:16:in `show'

Started GET "/users/3" for 127.0.0.1 at 2021-04-03 15:02:05 +0900
Processing by UsersController#show as */*
  Parameters: {"artwork"=>{"title"=>"this is shit", "image_url"=>"dubadubakuku", "artist_id"=>2}, "id"=>"3", "user"=>{}}
  [1m[36mUser Load (0.5ms)[0m  [1m[34mSELECT "users".* FROM "users" WHERE "users"."id" = $1 LIMIT $2[0m  [["id", 3], ["LIMIT", 1]]
  ↳ app/controllers/users_controller.rb:16:in `show'
Completed 200 OK in 2ms (Views: 0.2ms | ActiveRecord: 0.5ms | Allocations: 912)


Started GET "/users" for 127.0.0.1 at 2021-04-03 15:02:06 +0900
Processing by UsersController#index as */*
  Parameters: {"artwork"=>{"title"=>"this is shit", "image_url"=>"dubadubakuku", "artist_id"=>2}, "user"=>{}}
  [1m[36mUser Load (0.5ms)[0m  [1m[34mSELECT "users".* FROM "users"[0m
  ↳ app/controllers/users_controller.rb:3:in `index'
Completed 200 OK in 3ms (Views: 2.1ms | ActiveRecord: 0.5ms | Allocations: 1230)


Started POST "/artworks/4" for 127.0.0.1 at 2021-04-03 15:02:54 +0900
  
ActionController::RoutingError (No route matches [POST] "/artworks/4"):
  
Started PATCH "/artworks/4" for 127.0.0.1 at 2021-04-03 15:03:17 +0900
Processing by ArtworksController#update as */*
  Parameters: {"artwork"=>{"title"=>"this is shit", "image_url"=>"hotpottybombom", "artist_id"=>2}, "id"=>"4"}
  [1m[36mArtwork Load (0.5ms)[0m  [1m[34mSELECT "artworks".* FROM "artworks" WHERE "artworks"."id" = $1 LIMIT $2[0m  [["id", 4], ["LIMIT", 1]]
  ↳ app/controllers/artworks_controller.rb:33:in `update'
  [1m[36mTRANSACTION (0.6ms)[0m  [1m[35mBEGIN[0m
  ↳ app/controllers/artworks_controller.rb:35:in `update'
  [1m[36mArtwork Exists? (0.7ms)[0m  [1m[34mSELECT 1 AS one FROM "artworks" WHERE "artworks"."title" = $1 AND "artworks"."id" != $2 AND "artworks"."artist_id" = $3 LIMIT $4[0m  [["title", "this is shit"], ["id", 4], ["artist_id", 2], ["LIMIT", 1]]
  ↳ app/controllers/artworks_controller.rb:35:in `update'
  [1m[36mUser Load (0.5ms)[0m  [1m[34mSELECT "users".* FROM "users" WHERE "users"."id" = $1 LIMIT $2[0m  [["id", 2], ["LIMIT", 1]]
  ↳ app/controllers/artworks_controller.rb:35:in `update'
  [1m[36mArtwork Update (0.5ms)[0m  [1m[33mUPDATE "artworks" SET "image_url" = $1, "updated_at" = $2 WHERE "artworks"."id" = $3[0m  [["image_url", "hotpottybombom"], ["updated_at", "2021-04-03 06:03:17.257852"], ["id", 4]]
  ↳ app/controllers/artworks_controller.rb:35:in `update'
  [1m[36mTRANSACTION (1.0ms)[0m  [1m[35mCOMMIT[0m
  ↳ app/controllers/artworks_controller.rb:35:in `update'
Completed 200 OK in 9ms (Views: 0.2ms | ActiveRecord: 3.8ms | Allocations: 5253)


Started GET "/artworks/4" for 127.0.0.1 at 2021-04-03 15:03:38 +0900
Processing by ArtworksController#show as */*
  Parameters: {"artwork"=>{"title"=>"this is shit", "image_url"=>"hotpottybombom", "artist_id"=>2}, "id"=>"4"}
  [1m[36mArtwork Load (0.7ms)[0m  [1m[34mSELECT "artworks".* FROM "artworks" WHERE "artworks"."id" = $1 LIMIT $2[0m  [["id", 4], ["LIMIT", 1]]
  ↳ app/controllers/artworks_controller.rb:28:in `show'
Completed 200 OK in 2ms (Views: 0.2ms | ActiveRecord: 0.7ms | Allocations: 932)


Started GET "/artworks" for 127.0.0.1 at 2021-04-03 15:03:41 +0900
Processing by ArtworksController#index as */*
  Parameters: {"artwork"=>{"title"=>"this is shit", "image_url"=>"hotpottybombom", "artist_id"=>2}}
  [1m[36mArtwork Load (0.5ms)[0m  [1m[34mSELECT "artworks".* FROM "artworks"[0m
  ↳ app/controllers/artworks_controller.rb:4:in `index'
Completed 200 OK in 2ms (Views: 1.5ms | ActiveRecord: 0.5ms | Allocations: 1282)


Started GET "/artwork_shares" for 127.0.0.1 at 2021-04-03 15:10:27 +0900
Processing by ArtworkSharesController#index as */*
  Parameters: {"artwork"=>{"title"=>"this is shit", "image_url"=>"hotpottybombom", "artist_id"=>2}, "artwork_share"=>{}}
  [1m[36mArtworkShare Load (0.6ms)[0m  [1m[34mSELECT "artwork_shares".* FROM "artwork_shares"[0m
  ↳ app/controllers/artwork_shares_controller.rb:3:in `index'
Completed 200 OK in 5ms (Views: 2.4ms | ActiveRecord: 8.2ms | Allocations: 3034)


Started POST "/artwork_shares" for 127.0.0.1 at 2021-04-03 15:11:32 +0900
Processing by ArtworkSharesController#create as */*
  Parameters: {"artwork_shares"=>{"artwork_id"=>2, "viewer_id"=>1}, "artwork_share"=>{}}
  [1m[36mTRANSACTION (0.5ms)[0m  [1m[35mBEGIN[0m
  ↳ app/controllers/artwork_shares_controller.rb:9:in `create'
  [1m[36mArtworkShare Exists? (0.6ms)[0m  [1m[34mSELECT 1 AS one FROM "artwork_shares" WHERE "artwork_shares"."artwork_id" = $1 AND "artwork_shares"."viewer_id" = $2 LIMIT $3[0m  [["artwork_id", 2], ["viewer_id", 1], ["LIMIT", 1]]
  ↳ app/controllers/artwork_shares_controller.rb:9:in `create'
  [1m[36mUser Load (0.9ms)[0m  [1m[34mSELECT "users".* FROM "users" WHERE "users"."id" = $1 LIMIT $2[0m  [["id", 1], ["LIMIT", 1]]
  ↳ app/controllers/artwork_shares_controller.rb:9:in `create'
  [1m[36mArtwork Load (0.7ms)[0m  [1m[34mSELECT "artworks".* FROM "artworks" WHERE "artworks"."id" = $1 LIMIT $2[0m  [["id", 2], ["LIMIT", 1]]
  ↳ app/controllers/artwork_shares_controller.rb:9:in `create'
  [1m[36mArtworkShare Create (0.7ms)[0m  [1m[32mINSERT INTO "artwork_shares" ("artwork_id", "viewer_id", "created_at", "updated_at") VALUES ($1, $2, $3, $4) RETURNING "id"[0m  [["artwork_id", 2], ["viewer_id", 1], ["created_at", "2021-04-03 06:11:32.843859"], ["updated_at", "2021-04-03 06:11:32.843859"]]
  ↳ app/controllers/artwork_shares_controller.rb:9:in `create'
  [1m[36mTRANSACTION (1.1ms)[0m  [1m[35mCOMMIT[0m
  ↳ app/controllers/artwork_shares_controller.rb:9:in `create'
Completed 200 OK in 24ms (Views: 0.2ms | ActiveRecord: 5.1ms | Allocations: 18201)


Started POST "/artwork_shares" for 127.0.0.1 at 2021-04-03 15:11:45 +0900
Processing by ArtworkSharesController#create as */*
  Parameters: {"artwork_shares"=>{"artwork_id"=>4, "viewer_id"=>1}, "artwork_share"=>{}}
  [1m[36mTRANSACTION (0.5ms)[0m  [1m[35mBEGIN[0m
  ↳ app/controllers/artwork_shares_controller.rb:9:in `create'
  [1m[36mArtworkShare Exists? (0.9ms)[0m  [1m[34mSELECT 1 AS one FROM "artwork_shares" WHERE "artwork_shares"."artwork_id" = $1 AND "artwork_shares"."viewer_id" = $2 LIMIT $3[0m  [["artwork_id", 4], ["viewer_id", 1], ["LIMIT", 1]]
  ↳ app/controllers/artwork_shares_controller.rb:9:in `create'
  [1m[36mUser Load (0.8ms)[0m  [1m[34mSELECT "users".* FROM "users" WHERE "users"."id" = $1 LIMIT $2[0m  [["id", 1], ["LIMIT", 1]]
  ↳ app/controllers/artwork_shares_controller.rb:9:in `create'
  [1m[36mArtwork Load (0.7ms)[0m  [1m[34mSELECT "artworks".* FROM "artworks" WHERE "artworks"."id" = $1 LIMIT $2[0m  [["id", 4], ["LIMIT", 1]]
  ↳ app/controllers/artwork_shares_controller.rb:9:in `create'
  [1m[36mArtworkShare Create (0.6ms)[0m  [1m[32mINSERT INTO "artwork_shares" ("artwork_id", "viewer_id", "created_at", "updated_at") VALUES ($1, $2, $3, $4) RETURNING "id"[0m  [["artwork_id", 4], ["viewer_id", 1], ["created_at", "2021-04-03 06:11:45.608929"], ["updated_at", "2021-04-03 06:11:45.608929"]]
  ↳ app/controllers/artwork_shares_controller.rb:9:in `create'
  [1m[36mTRANSACTION (1.1ms)[0m  [1m[35mCOMMIT[0m
  ↳ app/controllers/artwork_shares_controller.rb:9:in `create'
Completed 200 OK in 10ms (Views: 0.2ms | ActiveRecord: 4.5ms | Allocations: 5350)


Started GET "/artwork_shares" for 127.0.0.1 at 2021-04-03 15:11:48 +0900
Processing by ArtworkSharesController#index as */*
  Parameters: {"artwork_shares"=>{"artwork_id"=>4, "viewer_id"=>1}, "artwork_share"=>{}}
  [1m[36mArtworkShare Load (0.6ms)[0m  [1m[34mSELECT "artwork_shares".* FROM "artwork_shares"[0m
  ↳ app/controllers/artwork_shares_controller.rb:3:in `index'
Completed 200 OK in 3ms (Views: 1.7ms | ActiveRecord: 0.6ms | Allocations: 1229)


Started POST "/artwork_shares" for 127.0.0.1 at 2021-04-03 15:13:55 +0900
Processing by ArtworkSharesController#create as */*
  Parameters: {"artwork_shares"=>{"artwork_id"=>4, "viewer_id"=>1}, "artwork_share"=>{}}
  [1m[36mTRANSACTION (0.6ms)[0m  [1m[35mBEGIN[0m
  ↳ app/controllers/artwork_shares_controller.rb:9:in `create'
  [1m[36mArtworkShare Exists? (0.6ms)[0m  [1m[34mSELECT 1 AS one FROM "artwork_shares" WHERE "artwork_shares"."artwork_id" = $1 AND "artwork_shares"."viewer_id" = $2 LIMIT $3[0m  [["artwork_id", 4], ["viewer_id", 1], ["LIMIT", 1]]
  ↳ app/controllers/artwork_shares_controller.rb:9:in `create'
  [1m[36mUser Load (0.6ms)[0m  [1m[34mSELECT "users".* FROM "users" WHERE "users"."id" = $1 LIMIT $2[0m  [["id", 1], ["LIMIT", 1]]
  ↳ app/controllers/artwork_shares_controller.rb:9:in `create'
  [1m[36mArtwork Load (0.5ms)[0m  [1m[34mSELECT "artworks".* FROM "artworks" WHERE "artworks"."id" = $1 LIMIT $2[0m  [["id", 4], ["LIMIT", 1]]
  ↳ app/controllers/artwork_shares_controller.rb:9:in `create'
  [1m[36mTRANSACTION (0.5ms)[0m  [1m[31mROLLBACK[0m
  ↳ app/controllers/artwork_shares_controller.rb:9:in `create'
Completed 422 Unprocessable Entity in 8ms (Views: 0.1ms | ActiveRecord: 2.8ms | Allocations: 5997)


Started POST "/artwork_shares" for 127.0.0.1 at 2021-04-03 15:14:34 +0900
Processing by ArtworkSharesController#create as */*
  Parameters: {"artwork_shares"=>{"artwork_id"=>4, "viewer_id"=>1}, "artwork_share"=>{}}
  [1m[36mTRANSACTION (0.5ms)[0m  [1m[35mBEGIN[0m
  ↳ app/controllers/artwork_shares_controller.rb:9:in `create'
  [1m[36mArtworkShare Exists? (0.6ms)[0m  [1m[34mSELECT 1 AS one FROM "artwork_shares" WHERE "artwork_shares"."artwork_id" = $1 AND "artwork_shares"."viewer_id" = $2 LIMIT $3[0m  [["artwork_id", 4], ["viewer_id", 1], ["LIMIT", 1]]
  ↳ app/controllers/artwork_shares_controller.rb:9:in `create'
  [1m[36mUser Load (0.5ms)[0m  [1m[34mSELECT "users".* FROM "users" WHERE "users"."id" = $1 LIMIT $2[0m  [["id", 1], ["LIMIT", 1]]
  ↳ app/controllers/artwork_shares_controller.rb:9:in `create'
  [1m[36mArtwork Load (0.5ms)[0m  [1m[34mSELECT "artworks".* FROM "artworks" WHERE "artworks"."id" = $1 LIMIT $2[0m  [["id", 4], ["LIMIT", 1]]
  ↳ app/controllers/artwork_shares_controller.rb:9:in `create'
  [1m[36mTRANSACTION (0.5ms)[0m  [1m[31mROLLBACK[0m
  ↳ app/controllers/artwork_shares_controller.rb:9:in `create'
Completed 422 Unprocessable Entity in 23ms (Views: 0.1ms | ActiveRecord: 10.7ms | Allocations: 18514)


Started GET "/users/1/artworks" for 127.0.0.1 at 2021-04-03 15:17:19 +0900
Processing by ArtworksController#index as */*
  Parameters: {"artwork_shares"=>{"artwork_id"=>4, "viewer_id"=>1}, "user_id"=>"1", "artwork"=>{}}
  [1m[36mArtwork Load (0.5ms)[0m  [1m[34mSELECT "artworks".* FROM "artworks"[0m
  ↳ app/controllers/artworks_controller.rb:4:in `index'
Completed 200 OK in 5ms (Views: 2.6ms | ActiveRecord: 3.3ms | Allocations: 3425)


Started GET "/users/1/artworks" for 127.0.0.1 at 2021-04-03 15:17:54 +0900
Error occurred while parsing request parameters.
Contents:

// {
//     "user" : {
//         "username" : "kuuuuuuu"
//     }
// }

// {
//     "artwork" : {
//         "title" : "this is shit",
//         "image_url" : "hotpottybombom",
//         "artist_id" : 2
//     }
// }

// {
//     "artwork_shares" : {
//         "artwork_id" : 4,
//         "viewer_id" : 1
//     }
// }

ActionDispatch::Http::Parameters::ParseError - 783: unexpected token at '':

Started GET "/users/1/artworks" for 127.0.0.1 at 2021-04-03 15:18:28 +0900
Processing by ArtworksController#index as */*
  Parameters: {"user_id"=>"1"}
  [1m[36mArtwork Load (0.5ms)[0m  [1m[34mSELECT "artworks".* FROM "artworks"[0m
  ↳ app/controllers/artworks_controller.rb:4:in `index'
Completed 200 OK in 2ms (Views: 1.4ms | ActiveRecord: 0.5ms | Allocations: 1283)


Started GET "/users/1/artworks" for 127.0.0.1 at 2021-04-03 15:18:51 +0900
Processing by ArtworksController#index as */*
  Parameters: {"user_id"=>"1"}
  [1m[36mArtwork Load (0.5ms)[0m  [1m[34mSELECT "artworks".* FROM "artworks" WHERE "artworks"."artist_id" = $1[0m  [["artist_id", 1]]
  ↳ app/controllers/artworks_controller.rb:4:in `index'
Completed 200 OK in 9ms (Views: 3.0ms | ActiveRecord: 3.7ms | Allocations: 5590)


Started GET "/users/2/artworks" for 127.0.0.1 at 2021-04-03 15:18:55 +0900
Processing by ArtworksController#index as */*
  Parameters: {"user_id"=>"2"}
  [1m[36mArtwork Load (0.6ms)[0m  [1m[34mSELECT "artworks".* FROM "artworks" WHERE "artworks"."artist_id" = $1[0m  [["artist_id", 2]]
  ↳ app/controllers/artworks_controller.rb:4:in `index'
Completed 200 OK in 3ms (Views: 1.8ms | ActiveRecord: 0.6ms | Allocations: 1246)


Started GET "/users/3/artworks" for 127.0.0.1 at 2021-04-03 15:18:57 +0900
Processing by ArtworksController#index as */*
  Parameters: {"user_id"=>"3"}
  [1m[36mArtwork Load (0.5ms)[0m  [1m[34mSELECT "artworks".* FROM "artworks" WHERE "artworks"."artist_id" = $1[0m  [["artist_id", 3]]
  ↳ app/controllers/artworks_controller.rb:4:in `index'
Completed 200 OK in 2ms (Views: 1.2ms | ActiveRecord: 0.5ms | Allocations: 1062)


Started GET "/users/2/artworks" for 127.0.0.1 at 2021-04-03 15:18:59 +0900
Processing by ArtworksController#index as */*
  Parameters: {"user_id"=>"2"}
  [1m[36mArtwork Load (0.5ms)[0m  [1m[34mSELECT "artworks".* FROM "artworks" WHERE "artworks"."artist_id" = $1[0m  [["artist_id", 2]]
  ↳ app/controllers/artworks_controller.rb:4:in `index'
Completed 200 OK in 2ms (Views: 1.4ms | ActiveRecord: 0.5ms | Allocations: 1246)


  [1m[36mUser Load (0.2ms)[0m  [1m[34mSELECT "users".* FROM "users" WHERE "users"."id" = $1 LIMIT $2[0m  [["id", 1], ["LIMIT", 1]]
  [1m[36mArtwork Load (0.3ms)[0m  [1m[34mSELECT "artworks".* FROM "artworks" INNER JOIN "artwork_shares" ON "artworks"."id" = "artwork_shares"."artwork_id" WHERE "artwork_shares"."viewer_id" = $1[0m  [["viewer_id", 1]]
  [1m[36mArtwork Load (0.9ms)[0m  [1m[34mSELECT "artworks".* FROM "artworks" WHERE "artworks"."id" = $1 LIMIT $2[0m  [["id", 1], ["LIMIT", 1]]
  [1m[36mArtwork Load (0.8ms)[0m  [1m[34mSELECT "artworks".* FROM "artworks" WHERE "artworks"."id" = $1 LIMIT $2[0m  [["id", 1], ["LIMIT", 1]]
  [1m[36mUser Load (0.7ms)[0m  [1m[34mSELECT "users".* FROM "users" WHERE "users"."id" = $1 LIMIT $2[0m  [["id", 1], ["LIMIT", 1]]
  [1m[36mArtwork Load (0.3ms)[0m  [1m[34mSELECT "artworks".* FROM "artworks" INNER JOIN "artwork_shares" ON "artworks"."id" = "artwork_shares"."artwork_id" WHERE "artwork_shares"."viewer_id" = $1[0m  [["viewer_id", 1]]
  [1m[36mArtwork Load (0.8ms)[0m  [1m[34mSELECT "artworks".* FROM "artworks" WHERE "artworks"."id" = $1 LIMIT $2[0m  [["id", 1], ["LIMIT", 1]]
  [1m[36mUser Load (0.5ms)[0m  [1m[34mSELECT "users".* FROM "users" WHERE "users"."id" = $1 LIMIT $2[0m  [["id", 1], ["LIMIT", 1]]
  [1m[36mArtwork Load (1.0ms)[0m  [1m[34mSELECT "artworks".* FROM "artworks" INNER JOIN "artwork_shares" ON "artworks"."id" = "artwork_shares"."artwork_id" WHERE "artwork_shares"."viewer_id" = $1[0m  [["viewer_id", 1]]
Started GET "/users/1/artworks" for 127.0.0.1 at 2021-04-03 15:21:58 +0900
Processing by ArtworksController#index as */*
  Parameters: {"user_id"=>"1"}
  [1m[36mUser Load (0.5ms)[0m  [1m[34mSELECT "users".* FROM "users" WHERE "users"."id" = $1 LIMIT $2[0m  [["id", 1], ["LIMIT", 1]]
  ↳ app/controllers/artworks_controller.rb:4:in `index'
  [1m[36mArtwork Load (0.5ms)[0m  [1m[34mSELECT "artworks".* FROM "artworks" WHERE "artworks"."artist_id" = $1[0m  [["artist_id", 1]]
  ↳ app/controllers/artworks_controller.rb:5:in `index'
  [1m[36mArtwork Load (0.6ms)[0m  [1m[34mSELECT "artworks".* FROM "artworks" INNER JOIN "artwork_shares" ON "artworks"."id" = "artwork_shares"."artwork_id" WHERE "artwork_shares"."viewer_id" = $1[0m  [["viewer_id", 1]]
  ↳ app/controllers/artworks_controller.rb:5:in `index'
Completed 200 OK in 22ms (Views: 0.4ms | ActiveRecord: 7.9ms | Allocations: 19062)


Started GET "/users/2/artworks" for 127.0.0.1 at 2021-04-03 15:22:04 +0900
Processing by ArtworksController#index as */*
  Parameters: {"user_id"=>"2"}
  [1m[36mUser Load (0.5ms)[0m  [1m[34mSELECT "users".* FROM "users" WHERE "users"."id" = $1 LIMIT $2[0m  [["id", 2], ["LIMIT", 1]]
  ↳ app/controllers/artworks_controller.rb:4:in `index'
  [1m[36mArtwork Load (0.5ms)[0m  [1m[34mSELECT "artworks".* FROM "artworks" WHERE "artworks"."artist_id" = $1[0m  [["artist_id", 2]]
  ↳ app/controllers/artworks_controller.rb:5:in `index'
  [1m[36mArtwork Load (0.5ms)[0m  [1m[34mSELECT "artworks".* FROM "artworks" INNER JOIN "artwork_shares" ON "artworks"."id" = "artwork_shares"."artwork_id" WHERE "artwork_shares"."viewer_id" = $1[0m  [["viewer_id", 2]]
  ↳ app/controllers/artworks_controller.rb:5:in `index'
Completed 200 OK in 4ms (Views: 0.3ms | ActiveRecord: 1.5ms | Allocations: 2675)


  [1m[35m (0.4ms)[0m  [1m[34mSELECT pg_try_advisory_lock(3243164389206928200)[0m
  [1m[35m (9.7ms)[0m  [1m[34mSELECT "schema_migrations"."version" FROM "schema_migrations" ORDER BY "schema_migrations"."version" ASC[0m
Migrating to CreateComments (20210403114750)
  [1m[36mTRANSACTION (0.4ms)[0m  [1m[35mBEGIN[0m
  [1m[35m (40.9ms)[0m  [1m[35mCREATE TABLE "comments" ("id" bigserial primary key, "body" character varying NOT NULL, "user_id" integer NOT NULL, "artwork_id" integer NOT NULL, "created_at" timestamp(6) NOT NULL, "updated_at" timestamp(6) NOT NULL)[0m
  [1m[35m (3.5ms)[0m  [1m[35mCREATE INDEX "index_comments_on_user_id_and_artwork_id" ON "comments" ("user_id", "artwork_id")[0m
  [1m[36mActiveRecord::SchemaMigration Create (0.7ms)[0m  [1m[32mINSERT INTO "schema_migrations" ("version") VALUES ($1) RETURNING "version"[0m  [["version", "20210403114750"]]
  [1m[36mTRANSACTION (1.7ms)[0m  [1m[35mCOMMIT[0m
  [1m[36mActiveRecord::InternalMetadata Load (2.2ms)[0m  [1m[34mSELECT "ar_internal_metadata".* FROM "ar_internal_metadata" WHERE "ar_internal_metadata"."key" = $1 LIMIT $2[0m  [["key", "environment"], ["LIMIT", 1]]
  [1m[35m (0.5ms)[0m  [1m[34mSELECT pg_advisory_unlock(3243164389206928200)[0m
  [1m[35m (0.8ms)[0m  [1m[34mSELECT "schema_migrations"."version" FROM "schema_migrations" ORDER BY "schema_migrations"."version" ASC[0m
  [1m[36mTRANSACTION (0.1ms)[0m  [1m[35mBEGIN[0m
  [1m[36mArtwork Load (2.5ms)[0m  [1m[34mSELECT "artworks".* FROM "artworks" WHERE "artworks"."id" = $1 LIMIT $2[0m  [["id", 2], ["LIMIT", 1]]
  [1m[36mTRANSACTION (0.1ms)[0m  [1m[31mROLLBACK[0m
  [1m[36mArtwork Load (0.8ms)[0m  [1m[34mSELECT "artworks".* FROM "artworks" WHERE "artworks"."id" = $1 LIMIT $2[0m  [["id", 2], ["LIMIT", 1]]
  [1m[36mUser Load (2.0ms)[0m  [1m[34mSELECT "users".* FROM "users" WHERE "users"."id" = $1 LIMIT $2[0m  [["id", 1], ["LIMIT", 1]]
  [1m[36mComment Load (1.2ms)[0m  [1m[34mSELECT "comments".* FROM "comments"[0m
  [1m[36mTRANSACTION (0.3ms)[0m  [1m[35mBEGIN[0m
  [1m[36mArtwork Load (0.3ms)[0m  [1m[34mSELECT "artworks".* FROM "artworks" WHERE "artworks"."id" = $1 LIMIT $2[0m  [["id", 2], ["LIMIT", 1]]
  [1m[36mTRANSACTION (0.1ms)[0m  [1m[31mROLLBACK[0m
  [1m[36mTRANSACTION (0.4ms)[0m  [1m[35mBEGIN[0m
  [1m[36mArtwork Load (0.6ms)[0m  [1m[34mSELECT "artworks".* FROM "artworks" WHERE "artworks"."id" = $1 LIMIT $2[0m  [["id", 2], ["LIMIT", 1]]
  [1m[36mTRANSACTION (0.5ms)[0m  [1m[31mROLLBACK[0m
  [1m[36mUser Load (0.2ms)[0m  [1m[34mSELECT "users".* FROM "users" WHERE "users"."id" = $1 LIMIT $2[0m  [["id", 1], ["LIMIT", 1]]
  [1m[36mTRANSACTION (0.5ms)[0m  [1m[35mBEGIN[0m
  [1m[36mArtwork Load (0.6ms)[0m  [1m[34mSELECT "artworks".* FROM "artworks" WHERE "artworks"."id" = $1 LIMIT $2[0m  [["id", 5], ["LIMIT", 1]]
  [1m[36mTRANSACTION (0.5ms)[0m  [1m[31mROLLBACK[0m
  [1m[36mTRANSACTION (0.4ms)[0m  [1m[35mBEGIN[0m
  [1m[36mArtwork Load (0.6ms)[0m  [1m[34mSELECT "artworks".* FROM "artworks" WHERE "artworks"."id" = $1 LIMIT $2[0m  [["id", 2], ["LIMIT", 1]]
  [1m[36mTRANSACTION (0.5ms)[0m  [1m[31mROLLBACK[0m
  [1m[36mTRANSACTION (0.4ms)[0m  [1m[35mBEGIN[0m
  [1m[36mArtwork Load (0.5ms)[0m  [1m[34mSELECT "artworks".* FROM "artworks" WHERE "artworks"."id" = $1 LIMIT $2[0m  [["id", 2], ["LIMIT", 1]]
  [1m[36mTRANSACTION (0.5ms)[0m  [1m[31mROLLBACK[0m
  [1m[36mUser Load (0.2ms)[0m  [1m[34mSELECT "users".* FROM "users" WHERE "users"."id" = $1 LIMIT $2[0m  [["id", 1], ["LIMIT", 1]]
  [1m[36mTRANSACTION (0.4ms)[0m  [1m[35mBEGIN[0m
  [1m[36mArtwork Load (0.5ms)[0m  [1m[34mSELECT "artworks".* FROM "artworks" WHERE "artworks"."id" = $1 LIMIT $2[0m  [["id", 2], ["LIMIT", 1]]
  [1m[36mTRANSACTION (0.5ms)[0m  [1m[31mROLLBACK[0m
  [1m[36mComment Load (0.3ms)[0m  [1m[34mSELECT "comments".* FROM "comments"[0m
  [1m[36mTRANSACTION (0.2ms)[0m  [1m[35mBEGIN[0m
  [1m[36mUser Load (0.3ms)[0m  [1m[34mSELECT "users".* FROM "users" WHERE "users"."id" = $1 LIMIT $2[0m  [["id", 1], ["LIMIT", 1]]
  [1m[36mArtwork Load (0.2ms)[0m  [1m[34mSELECT "artworks".* FROM "artworks" WHERE "artworks"."id" = $1 LIMIT $2[0m  [["id", 2], ["LIMIT", 1]]
  [1m[36mComment Create (0.4ms)[0m  [1m[32mINSERT INTO "comments" ("body", "user_id", "artwork_id", "created_at", "updated_at") VALUES ($1, $2, $3, $4, $5) RETURNING "id"[0m  [["body", "This is cool"], ["user_id", 1], ["artwork_id", 2], ["created_at", "2021-04-03 12:08:45.392861"], ["updated_at", "2021-04-03 12:08:45.392861"]]
  [1m[36mTRANSACTION (1.2ms)[0m  [1m[35mCOMMIT[0m
  [1m[36mUser Load (0.8ms)[0m  [1m[34mSELECT "users".* FROM "users"[0m
  [1m[36mUser Load (0.2ms)[0m  [1m[34mSELECT "users".* FROM "users" ORDER BY "users"."id" ASC LIMIT $1[0m  [["LIMIT", 1]]
  [1m[36mComment Load (0.2ms)[0m  [1m[34mSELECT "comments".* FROM "comments" WHERE "comments"."user_id" = $1[0m  [["user_id", 1]]
  [1m[36mArtwork Load (0.2ms)[0m  [1m[34mSELECT "artworks".* FROM "artworks" ORDER BY "artworks"."id" ASC LIMIT $1 OFFSET $2[0m  [["LIMIT", 1], ["OFFSET", 1]]
  [1m[36mComment Load (0.2ms)[0m  [1m[34mSELECT "comments".* FROM "comments" WHERE "comments"."artwork_id" = $1[0m  [["artwork_id", 2]]
  [1m[36mTRANSACTION (0.2ms)[0m  [1m[35mBEGIN[0m
  [1m[36mUser Load (0.2ms)[0m  [1m[34mSELECT "users".* FROM "users" WHERE "users"."id" = $1 LIMIT $2[0m  [["id", 3], ["LIMIT", 1]]
  [1m[36mArtwork Load (0.2ms)[0m  [1m[34mSELECT "artworks".* FROM "artworks" WHERE "artworks"."id" = $1 LIMIT $2[0m  [["id", 2], ["LIMIT", 1]]
  [1m[36mComment Create (0.2ms)[0m  [1m[32mINSERT INTO "comments" ("body", "user_id", "artwork_id", "created_at", "updated_at") VALUES ($1, $2, $3, $4, $5) RETURNING "id"[0m  [["body", "What is happending"], ["user_id", 3], ["artwork_id", 2], ["created_at", "2021-04-03 12:11:02.129312"], ["updated_at", "2021-04-03 12:11:02.129312"]]
  [1m[36mTRANSACTION (0.8ms)[0m  [1m[35mCOMMIT[0m
  [1m[36mArtwork Load (0.8ms)[0m  [1m[34mSELECT "artworks".* FROM "artworks" ORDER BY "artworks"."id" ASC LIMIT $1 OFFSET $2[0m  [["LIMIT", 1], ["OFFSET", 1]]
  [1m[36mComment Load (0.6ms)[0m  [1m[34mSELECT "comments".* FROM "comments" WHERE "comments"."artwork_id" = $1[0m  [["artwork_id", 2]]
  [1m[36mUser Load (0.7ms)[0m  [1m[34mSELECT "users".* FROM "users" ORDER BY "users"."id" ASC LIMIT $1 OFFSET $2[0m  [["LIMIT", 1], ["OFFSET", 2]]
  [1m[36mUser Load (0.8ms)[0m  [1m[34mSELECT "users".* FROM "users" ORDER BY "users"."id" ASC LIMIT $1 OFFSET $2[0m  [["LIMIT", 1], ["OFFSET", 2]]
  [1m[36mTRANSACTION (0.4ms)[0m  [1m[35mBEGIN[0m
  [1m[36mArtwork Load (0.6ms)[0m  [1m[34mSELECT "artworks".* FROM "artworks" WHERE "artworks"."artist_id" = $1[0m  [["artist_id", 3]]
  [1m[36mArtworkShare Load (2.3ms)[0m  [1m[34mSELECT "artwork_shares".* FROM "artwork_shares" WHERE "artwork_shares"."viewer_id" = $1[0m  [["viewer_id", 3]]
  [1m[36mComment Load (0.1ms)[0m  [1m[34mSELECT "comments".* FROM "comments" WHERE "comments"."user_id" = $1[0m  [["user_id", 3]]
  [1m[36mComment Destroy (0.1ms)[0m  [1m[31mDELETE FROM "comments" WHERE "comments"."id" = $1[0m  [["id", 2]]
  [1m[36mUser Destroy (0.1ms)[0m  [1m[31mDELETE FROM "users" WHERE "users"."id" = $1[0m  [["id", 3]]
  [1m[36mTRANSACTION (0.7ms)[0m  [1m[35mCOMMIT[0m
  [1m[36mArtwork Load (0.4ms)[0m  [1m[34mSELECT "artworks".* FROM "artworks" ORDER BY "artworks"."id" ASC LIMIT $1 OFFSET $2[0m  [["LIMIT", 1], ["OFFSET", 1]]
  [1m[36mComment Load (0.2ms)[0m  [1m[34mSELECT "comments".* FROM "comments" WHERE "comments"."artwork_id" = $1[0m  [["artwork_id", 2]]
Started GET "/users/2/comments" for 127.0.0.1 at 2021-04-03 21:26:36 +0900
  [1m[35m (0.5ms)[0m  [1m[34mSELECT "schema_migrations"."version" FROM "schema_migrations" ORDER BY "schema_migrations"."version" ASC[0m
Processing by CommentsController#index as */*
  Parameters: {"user_id"=>"2"}
Completed 500 Internal Server Error in 6ms (ActiveRecord: 0.0ms | Allocations: 4159)



NoMethodError - undefined method `permit' for "2":String:
  app/controllers/comments_controller.rb:10:in `comment_params'
  app/controllers/comments_controller.rb:3:in `index'

Started GET "/users/1/comments" for 127.0.0.1 at 2021-04-03 21:26:50 +0900
Processing by CommentsController#index as */*
  Parameters: {"user_id"=>"1"}
Completed 500 Internal Server Error in 2ms (ActiveRecord: 0.0ms | Allocations: 2139)



NoMethodError - undefined method `permit' for "1":String:
  app/controllers/comments_controller.rb:10:in `comment_params'
  app/controllers/comments_controller.rb:3:in `index'

Started GET "/users/1/comments" for 127.0.0.1 at 2021-04-03 21:29:48 +0900
Processing by CommentsController#index as */*
  Parameters: {"user_id"=>"1"}
  [1m[36mComment Load (0.6ms)[0m  [1m[34mSELECT "comments".* FROM "comments" WHERE (1)[0m
  ↳ app/controllers/comments_controller.rb:4:in `index'
Completed 500 Internal Server Error in 3ms (ActiveRecord: 0.6ms | Allocations: 3869)



ActiveRecord::StatementInvalid - PG::DatatypeMismatch: ERROR:  argument of WHERE must be type boolean, not type integer
LINE 1: SELECT "comments".* FROM "comments" WHERE (1)
                                                   ^:
  app/controllers/comments_controller.rb:4:in `index'

Started GET "/users/1/comments" for 127.0.0.1 at 2021-04-03 21:30:39 +0900
Processing by CommentsController#index as */*
  Parameters: {"user_id"=>"1"}
  [1m[36mComment Load (1.0ms)[0m  [1m[34mSELECT "comments".* FROM "comments" WHERE (1)[0m
  ↳ app/controllers/comments_controller.rb:4:in `index'
Completed 500 Internal Server Error in 4ms (ActiveRecord: 1.0ms | Allocations: 3751)



ActiveRecord::StatementInvalid - PG::DatatypeMismatch: ERROR:  argument of WHERE must be type boolean, not type integer
LINE 1: SELECT "comments".* FROM "comments" WHERE (1)
                                                   ^:
  app/controllers/comments_controller.rb:4:in `index'

Started GET "/users/1/comments" for 127.0.0.1 at 2021-04-03 21:34:56 +0900
Processing by CommentsController#index as */*
  Parameters: {"user_id"=>"1"}
  [1m[36mComment Load (0.6ms)[0m  [1m[34mSELECT "comments".* FROM "comments" WHERE "comments"."user_id" = $1[0m  [["user_id", 1]]
  ↳ app/controllers/comments_controller.rb:13:in `index'
Completed 200 OK in 14ms (Views: 6.5ms | ActiveRecord: 4.6ms | Allocations: 5866)


Started GET "/artworks/2/comments" for 127.0.0.1 at 2021-04-03 21:35:12 +0900
Processing by CommentsController#index as */*
  Parameters: {"artwork_id"=>"2"}
  [1m[36mComment Load (0.7ms)[0m  [1m[34mSELECT "comments".* FROM "comments" WHERE "comments"."artwork_id" = $1[0m  [["artwork_id", 2]]
  ↳ app/controllers/comments_controller.rb:13:in `index'
Completed 200 OK in 4ms (Views: 2.0ms | ActiveRecord: 0.7ms | Allocations: 1158)


Started GET "/artworks/1/comments" for 127.0.0.1 at 2021-04-03 21:35:16 +0900
Processing by CommentsController#index as */*
  Parameters: {"artwork_id"=>"1"}
  [1m[36mComment Load (1.0ms)[0m  [1m[34mSELECT "comments".* FROM "comments" WHERE "comments"."artwork_id" = $1[0m  [["artwork_id", 1]]
  ↳ app/controllers/comments_controller.rb:13:in `index'
Completed 200 OK in 3ms (Views: 1.4ms | ActiveRecord: 1.0ms | Allocations: 1084)


Started GET "/comments" for 127.0.0.1 at 2021-04-03 21:35:21 +0900
  
ActionController::RoutingError (No route matches [GET] "/comments"):
  
Started GET "/users?what=is&username=kieu" for 127.0.0.1 at 2021-04-03 21:43:00 +0900
Processing by UsersController#index as */*
  Parameters: {"what"=>"is", "username"=>"kieu"}
  [1m[36mUser Load (0.8ms)[0m  [1m[34mSELECT "users".* FROM "users"[0m
  ↳ app/controllers/users_controller.rb:3:in `index'
Completed 200 OK in 22ms (Views: 19.2ms | ActiveRecord: 11.3ms | Allocations: 9065)


Started GET "/users?username=kieu" for 127.0.0.1 at 2021-04-03 21:45:31 +0900
Processing by UsersController#index as */*
  Parameters: {"username"=>"kieu"}
  [1m[36mUser Load (0.5ms)[0m  [1m[34mSELECT "users".* FROM "users" WHERE "users"."username" = $1[0m  [["username", "kieu"]]
  ↳ app/controllers/users_controller.rb:6:in `index'
Completed 200 OK in 9ms (Views: 1.0ms | ActiveRecord: 2.2ms | Allocations: 3942)


Started GET "/users" for 127.0.0.1 at 2021-04-03 21:45:43 +0900
Processing by UsersController#index as */*
  [1m[36mUser Load (0.8ms)[0m  [1m[34mSELECT "users".* FROM "users"[0m
  ↳ app/controllers/users_controller.rb:8:in `index'
Completed 200 OK in 7ms (Views: 3.4ms | ActiveRecord: 3.2ms | Allocations: 2914)


Started GET "/users?username=Kieu" for 127.0.0.1 at 2021-04-03 21:45:57 +0900
Processing by UsersController#index as */*
  Parameters: {"username"=>"Kieu"}
  [1m[36mUser Load (0.5ms)[0m  [1m[34mSELECT "users".* FROM "users" WHERE "users"."username" = $1[0m  [["username", "Kieu"]]
  ↳ app/controllers/users_controller.rb:6:in `index'
Completed 200 OK in 2ms (Views: 1.4ms | ActiveRecord: 0.5ms | Allocations: 1150)


Started GET "/users?username=kieu" for 127.0.0.1 at 2021-04-03 21:47:42 +0900
Processing by UsersController#index as */*
  Parameters: {"username"=>"kieu"}
  [1m[36mUser Load (0.6ms)[0m  [1m[34mSELECT "users".* FROM "users" WHERE (username LIKE 'kieu')[0m
  ↳ app/controllers/users_controller.rb:6:in `index'
Completed 200 OK in 4ms (Views: 0.6ms | ActiveRecord: 0.6ms | Allocations: 3283)


Started GET "/users?username=kieu" for 127.0.0.1 at 2021-04-03 21:49:17 +0900
Processing by UsersController#index as */*
  Parameters: {"username"=>"kieu"}
  [1m[36mUser Load (0.7ms)[0m  [1m[34mSELECT "users".* FROM "users" WHERE (username LIKE 'kieu')[0m
  ↳ app/controllers/users_controller.rb:6:in `index'
Completed 200 OK in 5ms (Views: 0.7ms | ActiveRecord: 0.7ms | Allocations: 3279)


Started GET "/users?username=kieu" for 127.0.0.1 at 2021-04-03 21:51:22 +0900
Processing by UsersController#index as */*
  Parameters: {"username"=>"kieu"}
  [1m[36mUser Load (0.6ms)[0m  [1m[34mSELECT "users".* FROM "users" WHERE (users.username LIKE 'kieu')[0m
  ↳ app/controllers/users_controller.rb:6:in `index'
Completed 200 OK in 4ms (Views: 0.6ms | ActiveRecord: 0.6ms | Allocations: 3282)


Started GET "/users?username=kieu" for 127.0.0.1 at 2021-04-03 21:52:56 +0900
Processing by UsersController#index as */*
  Parameters: {"username"=>"kieu"}
  [1m[36mUser Load (0.6ms)[0m  [1m[34mSELECT "users".* FROM "users" WHERE (users.username LIKE '%kieu%')[0m
  ↳ app/controllers/users_controller.rb:6:in `index'
Completed 200 OK in 4ms (Views: 0.7ms | ActiveRecord: 0.6ms | Allocations: 3280)


  [1m[36mUser Load (0.4ms)[0m  [1m[34mSELECT "users".* FROM "users" WHERE (users.username LIKE '%kieu%')[0m
  [1m[36mUser Load (0.7ms)[0m  [1m[34mSELECT "users".* FROM "users" WHERE "users"."username" = $1[0m  [["username", "Kieu"]]
  [1m[36mUser Load (0.8ms)[0m  [1m[34mSELECT "users".* FROM "users" WHERE (username LIKE '%kieu%')[0m
  [1m[36mUser Load (0.5ms)[0m  [1m[34mSELECT "users".* FROM "users" WHERE (username LIKE ('%kieu%'))[0m
  [1m[36mUser Load (1.3ms)[0m  [1m[34mSELECT "users".* FROM "users" WHERE (username iLIKE ('%kieu%'))[0m
Started GET "/users?username=kieu" for 127.0.0.1 at 2021-04-03 21:57:12 +0900
Processing by UsersController#index as */*
  Parameters: {"username"=>"kieu"}
  [1m[36mUser Load (0.9ms)[0m  [1m[34mSELECT "users".* FROM "users" WHERE (users.username ILIKE '%kieu%')[0m
  ↳ app/controllers/users_controller.rb:6:in `index'
Completed 200 OK in 13ms (Views: 3.1ms | ActiveRecord: 5.0ms | Allocations: 5580)


Started GET "/users" for 127.0.0.1 at 2021-04-03 21:57:20 +0900
Processing by UsersController#index as */*
  [1m[36mUser Load (0.6ms)[0m  [1m[34mSELECT "users".* FROM "users"[0m
  ↳ app/controllers/users_controller.rb:8:in `index'
Completed 200 OK in 2ms (Views: 1.6ms | ActiveRecord: 0.6ms | Allocations: 1163)


