  [1m[35m (543.0ms)[0m  [1m[35mCREATE DATABASE "cats99_development" ENCODING = 'unicode'[0m
  [1m[35m (293.6ms)[0m  [1m[35mCREATE DATABASE "cats99_test" ENCODING = 'unicode'[0m
  [1m[35m (9.2ms)[0m  [1m[35mCREATE TABLE "schema_migrations" ("version" character varying NOT NULL PRIMARY KEY)[0m
  [1m[35m (7.3ms)[0m  [1m[35mCREATE TABLE "ar_internal_metadata" ("key" character varying NOT NULL PRIMARY KEY, "value" character varying, "created_at" timestamp(6) NOT NULL, "updated_at" timestamp(6) NOT NULL)[0m
  [1m[35m (0.2ms)[0m  [1m[34mSELECT pg_try_advisory_lock(7809834472913233005)[0m
  [1m[35m (0.2ms)[0m  [1m[34mSELECT "schema_migrations"."version" FROM "schema_migrations" ORDER BY "schema_migrations"."version" ASC[0m
Migrating to CreateCats (20210409143457)
  [1m[36mTRANSACTION (0.1ms)[0m  [1m[35mBEGIN[0m
  [1m[35m (7.2ms)[0m  [1m[35mCREATE TABLE "cats" ("id" bigserial primary key, "birth_date" date NOT NULL, "color" character varying NOT NULL, "name" character varying NOT NULL, "sex" character varying(1) NOT NULL, "description" text NOT NULL, "created_at" timestamp(6) NOT NULL, "updated_at" timestamp(6) NOT NULL)[0m
  [1m[36mActiveRecord::SchemaMigration Create (0.2ms)[0m  [1m[32mINSERT INTO "schema_migrations" ("version") VALUES ($1) RETURNING "version"[0m  [["version", "20210409143457"]]
  [1m[36mTRANSACTION (0.9ms)[0m  [1m[35mCOMMIT[0m
  [1m[36mActiveRecord::InternalMetadata Load (0.2ms)[0m  [1m[34mSELECT "ar_internal_metadata".* FROM "ar_internal_metadata" WHERE "ar_internal_metadata"."key" = $1 LIMIT $2[0m  [["key", "environment"], ["LIMIT", 1]]
  [1m[36mTRANSACTION (0.1ms)[0m  [1m[35mBEGIN[0m
  [1m[36mActiveRecord::InternalMetadata Create (0.3ms)[0m  [1m[32mINSERT INTO "ar_internal_metadata" ("key", "value", "created_at", "updated_at") VALUES ($1, $2, $3, $4) RETURNING "key"[0m  [["key", "environment"], ["value", "development"], ["created_at", "2021-04-09 15:10:40.855980"], ["updated_at", "2021-04-09 15:10:40.855980"]]
  [1m[36mTRANSACTION (0.7ms)[0m  [1m[35mCOMMIT[0m
  [1m[35m (0.2ms)[0m  [1m[34mSELECT pg_advisory_unlock(7809834472913233005)[0m
  [1m[35m (0.3ms)[0m  [1m[34mSELECT "schema_migrations"."version" FROM "schema_migrations" ORDER BY "schema_migrations"."version" ASC[0m
  [1m[35m (0.3ms)[0m  [1m[34mSELECT "schema_migrations"."version" FROM "schema_migrations" ORDER BY "schema_migrations"."version" ASC[0m
  [1m[35m (0.3ms)[0m  [1m[34mSELECT "schema_migrations"."version" FROM "schema_migrations" ORDER BY "schema_migrations"."version" ASC[0m
  [1m[35m (0.3ms)[0m  [1m[34mSELECT "schema_migrations"."version" FROM "schema_migrations" ORDER BY "schema_migrations"."version" ASC[0m
  [1m[35m (0.3ms)[0m  [1m[34mSELECT "schema_migrations"."version" FROM "schema_migrations" ORDER BY "schema_migrations"."version" ASC[0m
  [1m[35m (0.3ms)[0m  [1m[34mSELECT "schema_migrations"."version" FROM "schema_migrations" ORDER BY "schema_migrations"."version" ASC[0m
  [1m[35m (0.3ms)[0m  [1m[34mSELECT "schema_migrations"."version" FROM "schema_migrations" ORDER BY "schema_migrations"."version" ASC[0m
  [1m[35m (0.3ms)[0m  [1m[34mSELECT "schema_migrations"."version" FROM "schema_migrations" ORDER BY "schema_migrations"."version" ASC[0m
  [1m[36mTRANSACTION (0.1ms)[0m  [1m[35mBEGIN[0m
  [1m[36mCat Create (0.3ms)[0m  [1m[32mINSERT INTO "cats" ("birth_date", "color", "name", "sex", "description", "created_at", "updated_at") VALUES ($1, $2, $3, $4, $5, $6, $7) RETURNING "id"[0m  [["birth_date", "2011-05-16"], ["color", "black"], ["name", "Doodoo"], ["sex", "m"], ["description", "lovely kitty baby"], ["created_at", "2021-04-09 15:22:17.766213"], ["updated_at", "2021-04-09 15:22:17.766213"]]
  [1m[36mTRANSACTION (1.2ms)[0m  [1m[35mCOMMIT[0m
  [1m[36mTRANSACTION (0.1ms)[0m  [1m[35mBEGIN[0m
  [1m[36mCat Create (0.2ms)[0m  [1m[32mINSERT INTO "cats" ("birth_date", "color", "name", "sex", "description", "created_at", "updated_at") VALUES ($1, $2, $3, $4, $5, $6, $7) RETURNING "id"[0m  [["birth_date", "2011-05-16"], ["color", "yellow"], ["name", "Dooba"], ["sex", "f"], ["description", "another lovely kitty baby"], ["created_at", "2021-04-09 15:22:17.769858"], ["updated_at", "2021-04-09 15:22:17.769858"]]
  [1m[36mTRANSACTION (0.7ms)[0m  [1m[35mCOMMIT[0m
  [1m[36mCat Load (0.3ms)[0m  [1m[34mSELECT "cats".* FROM "cats"[0m
Started GET "/cats" for ::1 at 2021-04-10 00:22:57 +0900
  [1m[35m (0.5ms)[0m  [1m[34mSELECT "schema_migrations"."version" FROM "schema_migrations" ORDER BY "schema_migrations"."version" ASC[0m
Processing by CatsController#index as HTML
  Rendering layout layouts/application.html.erb
  Rendering cats/index.html.erb within layouts/application
  [1m[36mCat Load (0.9ms)[0m  [1m[34mSELECT "cats".* FROM "cats"[0m
  ↳ app/views/cats/index.html.erb:13
  Rendered cats/index.html.erb within layouts/application (Duration: 15.0ms | Allocations: 9411)
  Rendered layout layouts/application.html.erb (Duration: 15.1ms | Allocations: 9480)
Completed 500 Internal Server Error in 28ms (ActiveRecord: 4.3ms | Allocations: 13429)



ActionView::MissingTemplate - Missing partial cats/_cat with {:locale=>[:en], :formats=>[:html], :variants=>[], :handlers=>[:raw, :erb, :html, :builder, :ruby, :jbuilder]}. Searched in:
  * "/home/lim/Documents/appacademy/rails/views/99cats/cats99/app/views"
  * "/home/lim/.rbenv/versions/2.7.2/lib/ruby/gems/2.7.0/gems/actiontext-6.1.3.1/app/views"
  * "/home/lim/.rbenv/versions/2.7.2/lib/ruby/gems/2.7.0/gems/actionmailbox-6.1.3.1/app/views":
  app/views/cats/index.html.erb:14
  app/views/cats/index.html.erb:13
  app/controllers/cats_controller.rb:4:in `index'

Started POST "/__better_errors/682b695709922b17/variables" for ::1 at 2021-04-10 00:22:57 +0900
Started GET "/cats" for ::1 at 2021-04-10 00:25:21 +0900
Processing by CatsController#index as HTML
  Rendering layout layouts/application.html.erb
  Rendering cats/index.html.erb within layouts/application
  [1m[36mCat Load (0.6ms)[0m  [1m[34mSELECT "cats".* FROM "cats"[0m
  ↳ app/views/cats/index.html.erb:13
  Rendered cats/index.html.erb within layouts/application (Duration: 2.9ms | Allocations: 1063)
[Webpacker] Compiling...
[Webpacker] Compiled all packs in /home/lim/Documents/appacademy/rails/views/99cats/cats99/public/packs
[Webpacker] Hash: e332c6419728fac579d5
Version: webpack 4.46.0
Time: 1036ms
Built at: 04/10/2021 12:25:23 AM
                                     Asset       Size       Chunks                         Chunk Names
    js/application-f826770d917d8a37c1d8.js    125 KiB  application  [emitted] [immutable]  application
js/application-f826770d917d8a37c1d8.js.map    139 KiB  application  [emitted] [dev]        application
                             manifest.json  364 bytes               [emitted]              
Entrypoint application = js/application-f826770d917d8a37c1d8.js js/application-f826770d917d8a37c1d8.js.map
[./app/javascript/channels sync recursive _channel\.js$] ./app/javascript/channels sync _channel\.js$ 160 bytes {application} [built]
[./app/javascript/channels/index.js] 211 bytes {application} [built]
[./app/javascript/packs/application.js] 492 bytes {application} [built]
[./node_modules/webpack/buildin/module.js] (webpack)/buildin/module.js 552 bytes {application} [built]
    + 3 hidden modules

  Rendered layout layouts/application.html.erb (Duration: 1848.6ms | Allocations: 26977)
Completed 200 OK in 1851ms (Views: 1849.9ms | ActiveRecord: 0.6ms | Allocations: 28004)


Started GET "/cats" for ::1 at 2021-04-10 00:26:51 +0900
Processing by CatsController#index as HTML
  Rendering layout layouts/application.html.erb
  Rendering cats/index.html.erb within layouts/application
  [1m[36mCat Load (0.6ms)[0m  [1m[34mSELECT "cats".* FROM "cats"[0m
  ↳ app/views/cats/index.html.erb:13
  Rendered cats/index.html.erb within layouts/application (Duration: 2.1ms | Allocations: 1149)
[Webpacker] Everything's up-to-date. Nothing to do
  Rendered layout layouts/application.html.erb (Duration: 4.6ms | Allocations: 4916)
Completed 200 OK in 6ms (Views: 5.0ms | ActiveRecord: 0.6ms | Allocations: 5992)


Started GET "/cats/1" for ::1 at 2021-04-10 00:26:54 +0900
Processing by CatsController#show as HTML
  Parameters: {"id"=>"1"}
  [1m[36mCat Load (0.6ms)[0m  [1m[34mSELECT "cats".* FROM "cats" WHERE "cats"."id" = $1 LIMIT $2[0m  [["id", 1], ["LIMIT", 1]]
  ↳ app/controllers/cats_controller.rb:8:in `show'
  Rendering layout layouts/application.html.erb
  Rendering cats/show.html.erb within layouts/application
  Rendered cats/show.html.erb within layouts/application (Duration: 0.2ms | Allocations: 99)
[Webpacker] Everything's up-to-date. Nothing to do
  Rendered layout layouts/application.html.erb (Duration: 3.0ms | Allocations: 3611)
Completed 200 OK in 12ms (Views: 3.5ms | ActiveRecord: 1.0ms | Allocations: 8251)


  [1m[36mCat Load (0.6ms)[0m  [1m[34mSELECT "cats".* FROM "cats" ORDER BY "cats"."id" ASC LIMIT $1[0m  [["LIMIT", 1]]
Started GET "/cats" for ::1 at 2021-04-10 00:33:12 +0900
Processing by CatsController#index as HTML
  Rendering layout layouts/application.html.erb
  Rendering cats/index.html.erb within layouts/application
  [1m[36mCat Load (0.6ms)[0m  [1m[34mSELECT "cats".* FROM "cats"[0m
  ↳ app/views/cats/index.html.erb:13
  Rendered cats/index.html.erb within layouts/application (Duration: 12.8ms | Allocations: 7582)
[Webpacker] Everything's up-to-date. Nothing to do
  Rendered layout layouts/application.html.erb (Duration: 15.9ms | Allocations: 11294)
Completed 200 OK in 18ms (Views: 16.8ms | ActiveRecord: 5.7ms | Allocations: 12823)


Started GET "/cats/1" for ::1 at 2021-04-10 00:33:13 +0900
Processing by CatsController#show as HTML
  Parameters: {"id"=>"1"}
  [1m[36mCat Load (0.5ms)[0m  [1m[34mSELECT "cats".* FROM "cats" WHERE "cats"."id" = $1 LIMIT $2[0m  [["id", 1], ["LIMIT", 1]]
  ↳ app/controllers/cats_controller.rb:8:in `show'
  Rendering layout layouts/application.html.erb
  Rendering cats/show.html.erb within layouts/application
  Rendered cats/show.html.erb within layouts/application (Duration: 0.8ms | Allocations: 1769)
  Rendered layout layouts/application.html.erb (Duration: 1.1ms | Allocations: 1850)
Completed 500 Internal Server Error in 5ms (ActiveRecord: 0.9ms | Allocations: 3841)



ArgumentError - wrong number of arguments (given 0, expected 1):
  app/views/cats/show.html.erb:7
  app/views/cats/show.html.erb:5:in `each'
  app/views/cats/show.html.erb:5
  app/controllers/cats_controller.rb:10:in `show'

Started POST "/__better_errors/817ae52fe20a4a41/variables" for ::1 at 2021-04-10 00:33:13 +0900
Started GET "/cats/1" for ::1 at 2021-04-10 00:34:26 +0900
Processing by CatsController#show as HTML
  Parameters: {"id"=>"1"}
  [1m[36mCat Load (0.5ms)[0m  [1m[34mSELECT "cats".* FROM "cats" WHERE "cats"."id" = $1 LIMIT $2[0m  [["id", 1], ["LIMIT", 1]]
  ↳ app/controllers/cats_controller.rb:8:in `show'
  Rendering layout layouts/application.html.erb
  Rendering cats/show.html.erb within layouts/application
  Rendered cats/show.html.erb within layouts/application (Duration: 0.6ms | Allocations: 226)
[Webpacker] Everything's up-to-date. Nothing to do
  Rendered layout layouts/application.html.erb (Duration: 3.4ms | Allocations: 3977)
Completed 200 OK in 7ms (Views: 4.6ms | ActiveRecord: 0.5ms | Allocations: 5723)


Started GET "/cats/1" for ::1 at 2021-04-10 00:34:41 +0900
Processing by CatsController#show as HTML
  Parameters: {"id"=>"1"}
  [1m[36mCat Load (0.4ms)[0m  [1m[34mSELECT "cats".* FROM "cats" WHERE "cats"."id" = $1 LIMIT $2[0m  [["id", 1], ["LIMIT", 1]]
  ↳ app/controllers/cats_controller.rb:8:in `show'
  Rendering layout layouts/application.html.erb
  Rendering cats/show.html.erb within layouts/application
  Rendered cats/show.html.erb within layouts/application (Duration: 0.3ms | Allocations: 232)
[Webpacker] Everything's up-to-date. Nothing to do
  Rendered layout layouts/application.html.erb (Duration: 5.9ms | Allocations: 3991)
Completed 200 OK in 9ms (Views: 6.9ms | ActiveRecord: 0.4ms | Allocations: 5743)


Started GET "/cats/1" for ::1 at 2021-04-10 00:39:02 +0900
Processing by CatsController#show as HTML
  Parameters: {"id"=>"1"}
  [1m[36mCat Load (0.5ms)[0m  [1m[34mSELECT "cats".* FROM "cats" WHERE "cats"."id" = $1 LIMIT $2[0m  [["id", 1], ["LIMIT", 1]]
  ↳ app/controllers/cats_controller.rb:8:in `show'
  Rendering layout layouts/application.html.erb
  Rendering cats/show.html.erb within layouts/application
  Rendered cats/show.html.erb within layouts/application (Duration: 0.4ms | Allocations: 368)
[Webpacker] Everything's up-to-date. Nothing to do
  Rendered layout layouts/application.html.erb (Duration: 2.9ms | Allocations: 4118)
Completed 200 OK in 6ms (Views: 3.9ms | ActiveRecord: 0.5ms | Allocations: 5873)


Started GET "/cats/1" for ::1 at 2021-04-10 00:39:25 +0900
Processing by CatsController#show as HTML
  Parameters: {"id"=>"1"}
  [1m[36mCat Load (2.2ms)[0m  [1m[34mSELECT "cats".* FROM "cats" WHERE "cats"."id" = $1 LIMIT $2[0m  [["id", 1], ["LIMIT", 1]]
  ↳ app/controllers/cats_controller.rb:8:in `show'
  Rendering layout layouts/application.html.erb
  Rendering cats/show.html.erb within layouts/application
  Rendered cats/show.html.erb within layouts/application (Duration: 1.5ms | Allocations: 268)
[Webpacker] Everything's up-to-date. Nothing to do
  Rendered layout layouts/application.html.erb (Duration: 12.8ms | Allocations: 4018)
Completed 200 OK in 25ms (Views: 17.8ms | ActiveRecord: 2.2ms | Allocations: 5765)


Started GET "/cats/1" for ::1 at 2021-04-10 00:40:01 +0900
Processing by CatsController#show as HTML
  Parameters: {"id"=>"1"}
  [1m[36mCat Load (0.5ms)[0m  [1m[34mSELECT "cats".* FROM "cats" WHERE "cats"."id" = $1 LIMIT $2[0m  [["id", 1], ["LIMIT", 1]]
  ↳ app/controllers/cats_controller.rb:8:in `show'
  Rendering layout layouts/application.html.erb
  Rendering cats/show.html.erb within layouts/application
  Rendered cats/show.html.erb within layouts/application (Duration: 0.3ms | Allocations: 268)
[Webpacker] Everything's up-to-date. Nothing to do
  Rendered layout layouts/application.html.erb (Duration: 3.2ms | Allocations: 4018)
Completed 200 OK in 7ms (Views: 4.3ms | ActiveRecord: 0.5ms | Allocations: 5766)


Started GET "/cats/1" for ::1 at 2021-04-10 00:40:31 +0900
Processing by CatsController#show as HTML
  Parameters: {"id"=>"1"}
  [1m[36mCat Load (0.4ms)[0m  [1m[34mSELECT "cats".* FROM "cats" WHERE "cats"."id" = $1 LIMIT $2[0m  [["id", 1], ["LIMIT", 1]]
  ↳ app/controllers/cats_controller.rb:8:in `show'
  Rendering layout layouts/application.html.erb
  Rendering cats/show.html.erb within layouts/application
  Rendered cats/show.html.erb within layouts/application (Duration: 0.4ms | Allocations: 268)
[Webpacker] Everything's up-to-date. Nothing to do
  Rendered layout layouts/application.html.erb (Duration: 2.8ms | Allocations: 4018)
Completed 200 OK in 6ms (Views: 3.9ms | ActiveRecord: 0.4ms | Allocations: 5766)


Started GET "/cats" for ::1 at 2021-04-10 23:49:01 +0900
  [1m[35m (6.8ms)[0m  [1m[34mSELECT "schema_migrations"."version" FROM "schema_migrations" ORDER BY "schema_migrations"."version" ASC[0m
Processing by CatsController#index as HTML
  Rendering layout layouts/application.html.erb
  Rendering cats/index.html.erb within layouts/application
  [1m[36mCat Load (3.9ms)[0m  [1m[34mSELECT "cats".* FROM "cats"[0m
  ↳ app/views/cats/index.html.erb:13
  Rendered cats/index.html.erb within layouts/application (Duration: 18.3ms | Allocations: 5980)
[Webpacker] Everything's up-to-date. Nothing to do
  Rendered layout layouts/application.html.erb (Duration: 39.6ms | Allocations: 11284)
Completed 200 OK in 54ms (Views: 36.1ms | ActiveRecord: 9.4ms | Allocations: 14222)


Started GET "/cats/new" for ::1 at 2021-04-10 23:49:06 +0900
Processing by CatsController#new as HTML
Completed 400 Bad Request in 1ms (ActiveRecord: 0.0ms | Allocations: 1036)



ActionController::ParameterMissing - param is missing or the value is empty: cat
Did you mean?  action
               controller:
  app/controllers/cats_controller.rb:20:in `cat_params'
  app/controllers/cats_controller.rb:14:in `new'

Started POST "/__better_errors/dd994afb0ebf6768/variables" for ::1 at 2021-04-10 23:49:06 +0900
Started POST "/__better_errors/dd994afb0ebf6768/eval" for ::1 at 2021-04-10 23:49:17 +0900
Started POST "/__better_errors/dd994afb0ebf6768/eval" for ::1 at 2021-04-10 23:49:19 +0900
Started GET "/cats/new" for ::1 at 2021-04-10 23:50:16 +0900
Processing by CatsController#new as HTML
Completed 500 Internal Server Error in 1ms (ActiveRecord: 0.0ms | Allocations: 1891)



NoMethodError - undefined method `permit' for nil:NilClass:
  app/controllers/cats_controller.rb:20:in `cat_params'
  app/controllers/cats_controller.rb:14:in `new'

Started POST "/__better_errors/47da90e7c2819f00/variables" for ::1 at 2021-04-10 23:50:16 +0900
Started GET "/cats/new" for ::1 at 2021-04-10 23:53:20 +0900
Processing by CatsController#new as HTML
  Rendering layout layouts/application.html.erb
  Rendering cats/new.html.erb within layouts/application
  Rendered cats/new.html.erb within layouts/application (Duration: 0.3ms | Allocations: 149)
[Webpacker] Everything's up-to-date. Nothing to do
  Rendered layout layouts/application.html.erb (Duration: 2.6ms | Allocations: 3698)
Completed 200 OK in 11ms (Views: 3.2ms | ActiveRecord: 3.0ms | Allocations: 8647)


Started GET "/cats/new" for ::1 at 2021-04-10 23:53:56 +0900
Processing by CatsController#new as HTML
  Rendering layout layouts/application.html.erb
  Rendering cats/new.html.erb within layouts/application
  Rendered cats/new.html.erb within layouts/application (Duration: 0.1ms | Allocations: 40)
[Webpacker] Everything's up-to-date. Nothing to do
  Rendered layout layouts/application.html.erb (Duration: 2.3ms | Allocations: 3618)
Completed 200 OK in 3ms (Views: 2.6ms | ActiveRecord: 0.0ms | Allocations: 3986)


Started GET "/cats/new" for ::1 at 2021-04-10 23:54:17 +0900
Processing by CatsController#new as HTML
  Rendering layout layouts/application.html.erb
  Rendering cats/new.html.erb within layouts/application
  Rendered cats/new.html.erb within layouts/application (Duration: 0.1ms | Allocations: 41)
[Webpacker] Everything's up-to-date. Nothing to do
  Rendered layout layouts/application.html.erb (Duration: 2.5ms | Allocations: 3588)
Completed 200 OK in 10ms (Views: 2.9ms | ActiveRecord: 2.9ms | Allocations: 8377)


Started GET "/cats/new" for ::1 at 2021-04-10 23:55:45 +0900
Processing by CatsController#new as HTML
  Rendering layout layouts/application.html.erb
  Rendering cats/new.html.erb within layouts/application
  Rendered cats/new.html.erb within layouts/application (Duration: 0.2ms | Allocations: 148)
[Webpacker] Everything's up-to-date. Nothing to do
  Rendered layout layouts/application.html.erb (Duration: 3.3ms | Allocations: 3868)
Completed 200 OK in 14ms (Views: 4.4ms | ActiveRecord: 2.8ms | Allocations: 9262)


Started GET "/cats/new" for ::1 at 2021-04-10 23:57:51 +0900
Processing by CatsController#new as HTML
  Rendering layout layouts/application.html.erb
  Rendering cats/new.html.erb within layouts/application
  Rendered cats/new.html.erb within layouts/application (Duration: 0.2ms | Allocations: 161)
[Webpacker] Everything's up-to-date. Nothing to do
  Rendered layout layouts/application.html.erb (Duration: 2.8ms | Allocations: 3919)
Completed 200 OK in 4ms (Views: 3.8ms | ActiveRecord: 0.0ms | Allocations: 4988)


Started GET "/cats/new" for ::1 at 2021-04-10 23:57:56 +0900
Processing by CatsController#new as HTML
  Rendering layout layouts/application.html.erb
  Rendering cats/new.html.erb within layouts/application
  Rendered cats/new.html.erb within layouts/application (Duration: 0.1ms | Allocations: 40)
[Webpacker] Everything's up-to-date. Nothing to do
  Rendered layout layouts/application.html.erb (Duration: 6.3ms | Allocations: 3616)
Completed 200 OK in 7ms (Views: 6.5ms | ActiveRecord: 0.0ms | Allocations: 3979)


Started GET "/cats/new" for ::1 at 2021-04-10 23:58:52 +0900
Processing by CatsController#new as HTML
  Rendering layout layouts/application.html.erb
  Rendering cats/new.html.erb within layouts/application
  Rendered cats/new.html.erb within layouts/application (Duration: 0.2ms | Allocations: 162)
[Webpacker] Everything's up-to-date. Nothing to do
  Rendered layout layouts/application.html.erb (Duration: 4.8ms | Allocations: 3912)
Completed 200 OK in 7ms (Views: 6.9ms | ActiveRecord: 0.0ms | Allocations: 4980)


Started GET "/cats" for ::1 at 2021-04-11 22:39:58 +0900
  [1m[35m (10.2ms)[0m  [1m[34mSELECT "schema_migrations"."version" FROM "schema_migrations" ORDER BY "schema_migrations"."version" ASC[0m
Processing by CatsController#index as HTML
  Rendering layout layouts/application.html.erb
  Rendering cats/index.html.erb within layouts/application
  [1m[36mCat Load (2.4ms)[0m  [1m[34mSELECT "cats".* FROM "cats"[0m
  ↳ app/views/cats/index.html.erb:13
  Rendered cats/index.html.erb within layouts/application (Duration: 12.3ms | Allocations: 5981)
[Webpacker] Everything's up-to-date. Nothing to do
  Rendered layout layouts/application.html.erb (Duration: 24.3ms | Allocations: 11285)
Completed 200 OK in 38ms (Views: 23.4ms | ActiveRecord: 6.0ms | Allocations: 14222)


Started GET "/cats/1" for ::1 at 2021-04-11 22:40:01 +0900
Processing by CatsController#show as HTML
  Parameters: {"id"=>"1"}
  [1m[36mCat Load (4.8ms)[0m  [1m[34mSELECT "cats".* FROM "cats" WHERE "cats"."id" = $1 LIMIT $2[0m  [["id", 1], ["LIMIT", 1]]
  ↳ app/controllers/cats_controller.rb:8:in `show'
  Rendering layout layouts/application.html.erb
  Rendering cats/show.html.erb within layouts/application
  Rendered cats/show.html.erb within layouts/application (Duration: 2.8ms | Allocations: 359)
[Webpacker] Everything's up-to-date. Nothing to do
  Rendered layout layouts/application.html.erb (Duration: 14.4ms | Allocations: 3953)
Completed 200 OK in 35ms (Views: 17.2ms | ActiveRecord: 6.9ms | Allocations: 6276)


Started GET "/cats/1/edit" for ::1 at 2021-04-11 22:40:07 +0900
Processing by CatsController#edit as HTML
  Parameters: {"id"=>"1"}
  [1m[36mCat Load (2.0ms)[0m  [1m[34mSELECT "cats".* FROM "cats" WHERE "cats"."id" = $1 LIMIT $2[0m  [["id", 1], ["LIMIT", 1]]
  ↳ app/controllers/cats_controller.rb:19:in `edit'
  Rendering layout layouts/application.html.erb
  Rendering cats/edit.html.erb within layouts/application
  Rendered cats/edit.html.erb within layouts/application (Duration: 1.3ms | Allocations: 328)
[Webpacker] Everything's up-to-date. Nothing to do
  Rendered layout layouts/application.html.erb (Duration: 7.0ms | Allocations: 3910)
Completed 200 OK in 15ms (Views: 8.2ms | ActiveRecord: 2.0ms | Allocations: 5097)


Started GET "/cats/1" for ::1 at 2021-04-11 22:40:13 +0900
Processing by CatsController#show as HTML
  Parameters: {"id"=>"1"}
  [1m[36mCat Load (0.7ms)[0m  [1m[34mSELECT "cats".* FROM "cats" WHERE "cats"."id" = $1 LIMIT $2[0m  [["id", 1], ["LIMIT", 1]]
  ↳ app/controllers/cats_controller.rb:8:in `show'
  Rendering layout layouts/application.html.erb
  Rendering cats/show.html.erb within layouts/application
  Rendered cats/show.html.erb within layouts/application (Duration: 0.1ms | Allocations: 86)
[Webpacker] Everything's up-to-date. Nothing to do
  Rendered layout layouts/application.html.erb (Duration: 2.5ms | Allocations: 3662)
Completed 200 OK in 5ms (Views: 2.8ms | ActiveRecord: 0.7ms | Allocations: 4704)


Started GET "/cats/1" for ::1 at 2021-04-11 22:41:00 +0900
Processing by CatsController#show as HTML
  Parameters: {"id"=>"1"}
  [1m[36mCat Load (0.4ms)[0m  [1m[34mSELECT "cats".* FROM "cats" WHERE "cats"."id" = $1 LIMIT $2[0m  [["id", 1], ["LIMIT", 1]]
  ↳ app/controllers/cats_controller.rb:8:in `show'
  Rendering layout layouts/application.html.erb
  Rendering cats/show.html.erb within layouts/application
  Rendered cats/show.html.erb within layouts/application (Duration: 0.4ms | Allocations: 267)
[Webpacker] Everything's up-to-date. Nothing to do
  Rendered layout layouts/application.html.erb (Duration: 2.7ms | Allocations: 4019)
Completed 200 OK in 5ms (Views: 3.7ms | ActiveRecord: 0.4ms | Allocations: 5786)


Started GET "/cats/1/edit" for ::1 at 2021-04-11 22:41:03 +0900
Processing by CatsController#edit as HTML
  Parameters: {"id"=>"1"}
  [1m[36mCat Load (1.0ms)[0m  [1m[34mSELECT "cats".* FROM "cats" WHERE "cats"."id" = $1 LIMIT $2[0m  [["id", 1], ["LIMIT", 1]]
  ↳ app/controllers/cats_controller.rb:19:in `edit'
  Rendering layout layouts/application.html.erb
  Rendering cats/edit.html.erb within layouts/application
  Rendered cats/edit.html.erb within layouts/application (Duration: 0.9ms | Allocations: 371)
[Webpacker] Everything's up-to-date. Nothing to do
  Rendered layout layouts/application.html.erb (Duration: 5.7ms | Allocations: 3958)
Completed 200 OK in 21ms (Views: 6.5ms | ActiveRecord: 1.0ms | Allocations: 5127)


Started GET "/cats/1" for ::1 at 2021-04-11 22:41:05 +0900
Processing by CatsController#show as HTML
  Parameters: {"id"=>"1"}
  [1m[36mCat Load (0.6ms)[0m  [1m[34mSELECT "cats".* FROM "cats" WHERE "cats"."id" = $1 LIMIT $2[0m  [["id", 1], ["LIMIT", 1]]
  ↳ app/controllers/cats_controller.rb:8:in `show'
  Rendering layout layouts/application.html.erb
  Rendering cats/show.html.erb within layouts/application
  Rendered cats/show.html.erb within layouts/application (Duration: 0.1ms | Allocations: 86)
[Webpacker] Everything's up-to-date. Nothing to do
  Rendered layout layouts/application.html.erb (Duration: 2.6ms | Allocations: 3662)
Completed 200 OK in 5ms (Views: 2.9ms | ActiveRecord: 0.6ms | Allocations: 4704)


Started GET "/cats/1/edit" for ::1 at 2021-04-11 22:41:11 +0900
Processing by CatsController#edit as HTML
  Parameters: {"id"=>"1"}
  [1m[36mCat Load (0.5ms)[0m  [1m[34mSELECT "cats".* FROM "cats" WHERE "cats"."id" = $1 LIMIT $2[0m  [["id", 1], ["LIMIT", 1]]
  ↳ app/controllers/cats_controller.rb:19:in `edit'
  Rendering layout layouts/application.html.erb
  Rendering cats/edit.html.erb within layouts/application
  Rendered cats/edit.html.erb within layouts/application (Duration: 0.2ms | Allocations: 99)
[Webpacker] Everything's up-to-date. Nothing to do
  Rendered layout layouts/application.html.erb (Duration: 2.7ms | Allocations: 3677)
Completed 200 OK in 5ms (Views: 3.0ms | ActiveRecord: 0.5ms | Allocations: 4738)


Started GET "/cats/1/edit" for ::1 at 2021-04-11 22:50:02 +0900
Processing by CatsController#edit as HTML
  Parameters: {"id"=>"1"}
  [1m[36mCat Load (2.5ms)[0m  [1m[34mSELECT "cats".* FROM "cats" WHERE "cats"."id" = $1 LIMIT $2[0m  [["id", 1], ["LIMIT", 1]]
  ↳ app/controllers/cats_controller.rb:19:in `edit'
  Rendering layout layouts/application.html.erb
  Rendering cats/edit.html.erb within layouts/application
  Rendered cats/_form.html.erb (Duration: 3.5ms | Allocations: 443)
  Rendered cats/edit.html.erb within layouts/application (Duration: 5.7ms | Allocations: 753)
[Webpacker] Everything's up-to-date. Nothing to do
  Rendered layout layouts/application.html.erb (Duration: 16.5ms | Allocations: 4511)
Completed 200 OK in 67ms (Views: 21.5ms | ActiveRecord: 26.9ms | Allocations: 9393)


Started GET "/cats/new" for ::1 at 2021-04-11 22:50:11 +0900
Processing by CatsController#new as HTML
  Rendering layout layouts/application.html.erb
  Rendering cats/new.html.erb within layouts/application
  Rendered cats/_form.html.erb (Duration: 0.3ms | Allocations: 86)
  Rendered cats/new.html.erb within layouts/application (Duration: 1.1ms | Allocations: 262)
[Webpacker] Everything's up-to-date. Nothing to do
  Rendered layout layouts/application.html.erb (Duration: 7.7ms | Allocations: 3842)
Completed 200 OK in 10ms (Views: 8.9ms | ActiveRecord: 0.0ms | Allocations: 4340)


Started GET "/cats/1/edit" for ::1 at 2021-04-11 22:50:14 +0900
Processing by CatsController#edit as HTML
  Parameters: {"id"=>"1"}
  [1m[36mCat Load (0.5ms)[0m  [1m[34mSELECT "cats".* FROM "cats" WHERE "cats"."id" = $1 LIMIT $2[0m  [["id", 1], ["LIMIT", 1]]
  ↳ app/controllers/cats_controller.rb:19:in `edit'
  Rendering layout layouts/application.html.erb
  Rendering cats/edit.html.erb within layouts/application
  Rendered cats/_form.html.erb (Duration: 0.1ms | Allocations: 104)
  Rendered cats/edit.html.erb within layouts/application (Duration: 0.3ms | Allocations: 199)
[Webpacker] Everything's up-to-date. Nothing to do
  Rendered layout layouts/application.html.erb (Duration: 4.3ms | Allocations: 3775)
Completed 200 OK in 7ms (Views: 4.6ms | ActiveRecord: 0.5ms | Allocations: 4817)


Started GET "/cats/1" for ::1 at 2021-04-11 22:50:15 +0900
Processing by CatsController#show as HTML
  Parameters: {"id"=>"1"}
  [1m[36mCat Load (0.7ms)[0m  [1m[34mSELECT "cats".* FROM "cats" WHERE "cats"."id" = $1 LIMIT $2[0m  [["id", 1], ["LIMIT", 1]]
  ↳ app/controllers/cats_controller.rb:8:in `show'
  Rendering layout layouts/application.html.erb
  Rendering cats/show.html.erb within layouts/application
  Rendered cats/show.html.erb within layouts/application (Duration: 0.3ms | Allocations: 267)
[Webpacker] Everything's up-to-date. Nothing to do
  Rendered layout layouts/application.html.erb (Duration: 4.8ms | Allocations: 3846)
Completed 200 OK in 7ms (Views: 5.5ms | ActiveRecord: 0.7ms | Allocations: 5013)


Started GET "/cats/1/edit" for ::1 at 2021-04-11 22:56:47 +0900
Processing by CatsController#edit as HTML
  Parameters: {"id"=>"1"}
  [1m[36mCat Load (2.0ms)[0m  [1m[34mSELECT "cats".* FROM "cats" WHERE "cats"."id" = $1 LIMIT $2[0m  [["id", 1], ["LIMIT", 1]]
  ↳ app/controllers/cats_controller.rb:19:in `edit'
  Rendering layout layouts/application.html.erb
  Rendering cats/edit.html.erb within layouts/application
  Rendered cats/_form.html.erb (Duration: 2.0ms | Allocations: 430)
  Rendered cats/edit.html.erb within layouts/application (Duration: 3.3ms | Allocations: 731)
[Webpacker] Everything's up-to-date. Nothing to do
  Rendered layout layouts/application.html.erb (Duration: 13.0ms | Allocations: 4481)
Completed 200 OK in 54ms (Views: 17.2ms | ActiveRecord: 20.1ms | Allocations: 9320)


Started GET "/cats/3/edit" for ::1 at 2021-04-11 22:56:55 +0900
Processing by CatsController#edit as HTML
  Parameters: {"id"=>"3"}
  [1m[36mCat Load (1.6ms)[0m  [1m[34mSELECT "cats".* FROM "cats" WHERE "cats"."id" = $1 LIMIT $2[0m  [["id", 3], ["LIMIT", 1]]
  ↳ app/controllers/cats_controller.rb:19:in `edit'
  Rendering layout layouts/application.html.erb
  Rendering cats/edit.html.erb within layouts/application
  Rendered cats/_form.html.erb (Duration: 11.8ms | Allocations: 5490)
  Rendered cats/edit.html.erb within layouts/application (Duration: 12.0ms | Allocations: 5587)
  Rendered layout layouts/application.html.erb (Duration: 12.2ms | Allocations: 5651)
Completed 500 Internal Server Error in 18ms (ActiveRecord: 1.6ms | Allocations: 6668)



ActionController::UrlGenerationError - No route matches {:action=>"show", :controller=>"cats", :id=>nil}, missing required keys: [:id]:
  app/views/cats/_form.html.erb:6
  app/views/cats/edit.html.erb:3
  app/controllers/cats_controller.rb:20:in `edit'

Started POST "/__better_errors/9e727b996fc2f94d/variables" for ::1 at 2021-04-11 22:56:55 +0900
Started GET "/cats" for ::1 at 2021-04-11 22:57:04 +0900
Processing by CatsController#index as HTML
  Rendering layout layouts/application.html.erb
  Rendering cats/index.html.erb within layouts/application
  [1m[36mCat Load (1.3ms)[0m  [1m[34mSELECT "cats".* FROM "cats"[0m
  ↳ app/views/cats/index.html.erb:13
  Rendered cats/index.html.erb within layouts/application (Duration: 4.8ms | Allocations: 1135)
[Webpacker] Everything's up-to-date. Nothing to do
  Rendered layout layouts/application.html.erb (Duration: 10.8ms | Allocations: 4722)
Completed 200 OK in 13ms (Views: 10.5ms | ActiveRecord: 1.3ms | Allocations: 5196)


  [1m[35m (0.2ms)[0m  [1m[34mSELECT pg_try_advisory_lock(7809834472913233005)[0m
  [1m[35m (0.3ms)[0m  [1m[34mSELECT "schema_migrations"."version" FROM "schema_migrations" ORDER BY "schema_migrations"."version" ASC[0m
Migrating to CreateCatRentalRequests (20210411135743)
  [1m[36mTRANSACTION (0.1ms)[0m  [1m[35mBEGIN[0m
  [1m[35m (54.1ms)[0m  [1m[35mCREATE TABLE "cat_rental_requests" ("id" bigserial primary key, "cat_id" integer NOT NULL, "start_date" date NOT NULL, "end_date" date NOT NULL, "status" character varying DEFAULT 'PENDING' NOT NULL, "created_at" timestamp(6) NOT NULL, "updated_at" timestamp(6) NOT NULL)[0m
  [1m[35m (3.2ms)[0m  [1m[35mCREATE INDEX "index_cat_rental_requests_on_cat_id" ON "cat_rental_requests" ("cat_id")[0m
  [1m[36mActiveRecord::SchemaMigration Create (0.2ms)[0m  [1m[32mINSERT INTO "schema_migrations" ("version") VALUES ($1) RETURNING "version"[0m  [["version", "20210411135743"]]
  [1m[36mTRANSACTION (1.4ms)[0m  [1m[35mCOMMIT[0m
  [1m[36mActiveRecord::InternalMetadata Load (1.6ms)[0m  [1m[34mSELECT "ar_internal_metadata".* FROM "ar_internal_metadata" WHERE "ar_internal_metadata"."key" = $1 LIMIT $2[0m  [["key", "environment"], ["LIMIT", 1]]
  [1m[35m (0.2ms)[0m  [1m[34mSELECT pg_advisory_unlock(7809834472913233005)[0m
  [1m[35m (0.3ms)[0m  [1m[34mSELECT "schema_migrations"."version" FROM "schema_migrations" ORDER BY "schema_migrations"."version" ASC[0m
  [1m[36mTRANSACTION (0.5ms)[0m  [1m[35mBEGIN[0m
  [1m[36mCat Load (1.0ms)[0m  [1m[34mSELECT "cats".* FROM "cats" WHERE "cats"."id" = $1 LIMIT $2[0m  [["id", 1], ["LIMIT", 1]]
  [1m[36mCatRentalRequest Create (1.6ms)[0m  [1m[32mINSERT INTO "cat_rental_requests" ("cat_id", "start_date", "end_date", "created_at", "updated_at") VALUES ($1, $2, $3, $4, $5) RETURNING "id"[0m  [["cat_id", 1], ["start_date", 0], ["end_date", 0], ["created_at", "2021-04-11 14:13:38.409084"], ["updated_at", "2021-04-11 14:13:38.409084"]]
  [1m[36mTRANSACTION (0.1ms)[0m  [1m[31mROLLBACK[0m
  [1m[36mTRANSACTION (0.2ms)[0m  [1m[35mBEGIN[0m
  [1m[36mCat Load (0.2ms)[0m  [1m[34mSELECT "cats".* FROM "cats" WHERE "cats"."id" = $1 LIMIT $2[0m  [["id", 1], ["LIMIT", 1]]
  [1m[36mTRANSACTION (0.2ms)[0m  [1m[31mROLLBACK[0m
  [1m[36mTRANSACTION (0.1ms)[0m  [1m[35mBEGIN[0m
  [1m[36mCat Load (0.2ms)[0m  [1m[34mSELECT "cats".* FROM "cats" WHERE "cats"."id" = $1 LIMIT $2[0m  [["id", 1], ["LIMIT", 1]]
  [1m[36mCatRentalRequest Create (0.4ms)[0m  [1m[32mINSERT INTO "cat_rental_requests" ("cat_id", "start_date", "end_date", "created_at", "updated_at") VALUES ($1, $2, $3, $4, $5) RETURNING "id"[0m  [["cat_id", 1], ["start_date", "2020-05-10"], ["end_date", "2020-05-20"], ["created_at", "2021-04-11 14:14:32.533867"], ["updated_at", "2021-04-11 14:14:32.533867"]]
  [1m[36mTRANSACTION (16.4ms)[0m  [1m[35mCOMMIT[0m
  [1m[36mCat Load (0.8ms)[0m  [1m[34mSELECT "cats".* FROM "cats" WHERE "cats"."id" = $1 LIMIT $2[0m  [["id", 1], ["LIMIT", 1]]
  [1m[36mCatRentalRequest Load (0.7ms)[0m  [1m[34mSELECT "cat_rental_requests".* FROM "cat_rental_requests" WHERE "cat_rental_requests"."cat_id" = $1[0m  [["cat_id", 1]]
  [1m[36mCatRentalRequest Load (0.2ms)[0m  [1m[34mSELECT "cat_rental_requests".* FROM "cat_rental_requests" WHERE "cat_rental_requests"."id" = $1 LIMIT $2[0m  [["id", 1], ["LIMIT", 1]]
  [1m[36mTRANSACTION (0.1ms)[0m  [1m[35mBEGIN[0m
  [1m[36mCatRentalRequest Destroy (0.2ms)[0m  [1m[31mDELETE FROM "cat_rental_requests" WHERE "cat_rental_requests"."id" = $1[0m  [["id", 1]]
  [1m[36mTRANSACTION (0.8ms)[0m  [1m[35mCOMMIT[0m
  [1m[36mCat Load (0.8ms)[0m  [1m[34mSELECT "cats".* FROM "cats" WHERE "cats"."id" = $1 LIMIT $2[0m  [["id", 1], ["LIMIT", 1]]
  [1m[36mCatRentalRequest Load (0.6ms)[0m  [1m[34mSELECT "cat_rental_requests".* FROM "cat_rental_requests" WHERE "cat_rental_requests"."cat_id" = $1[0m  [["cat_id", 1]]
